Using pre-set license
Built from 'trunk' branch; Version is '6000.0.9f1 (1490908003ac) revision 1347728'; Using compiler version '193933523'; Build Type 'Release'
OS: 'Windows 10  (10.0.19045) 64bit Professional' Language: 'tr' Physical Memory: 16225 MB
BatchMode: 1, IsHumanControllingUs: 0, StartBugReporterOnCrash: 0, Is64bit: 1, IsPro: 1

COMMAND LINE ARGUMENTS:
F:\GAME ENGINES\UNITY\Unity Hub\Versions\6000.0.9f1\Editor\Unity.exe
-adb2
-batchMode
-noUpm
-name
AssetImportWorker1
-projectPath
F:/PROJECTS/GITPROJECTS/BananaJump/BANANAJUMP
-logFile
Logs/AssetImportWorker1.log
-srvPort
59164
-job-worker-count
5
-background-job-worker-count
8
-asset-garbage-collectors
1
Successfully changed project path to: F:/PROJECTS/GITPROJECTS/BananaJump/BANANAJUMP
F:/PROJECTS/GITPROJECTS/BananaJump/BANANAJUMP
[UnityMemory] Configuration Parameters - Can be set up in boot.config
    "memorysetup-bucket-allocator-granularity=16"
    "memorysetup-bucket-allocator-bucket-count=8"
    "memorysetup-bucket-allocator-block-size=33554432"
    "memorysetup-bucket-allocator-block-count=8"
    "memorysetup-main-allocator-block-size=16777216"
    "memorysetup-thread-allocator-block-size=16777216"
    "memorysetup-gfx-main-allocator-block-size=16777216"
    "memorysetup-gfx-thread-allocator-block-size=16777216"
    "memorysetup-cache-allocator-block-size=4194304"
    "memorysetup-typetree-allocator-block-size=2097152"
    "memorysetup-profiler-bucket-allocator-granularity=16"
    "memorysetup-profiler-bucket-allocator-bucket-count=8"
    "memorysetup-profiler-bucket-allocator-block-size=33554432"
    "memorysetup-profiler-bucket-allocator-block-count=8"
    "memorysetup-profiler-allocator-block-size=16777216"
    "memorysetup-profiler-editor-allocator-block-size=1048576"
    "memorysetup-temp-allocator-size-main=16777216"
    "memorysetup-job-temp-allocator-block-size=2097152"
    "memorysetup-job-temp-allocator-block-size-background=1048576"
    "memorysetup-job-temp-allocator-reduction-small-platforms=262144"
    "memorysetup-allocator-temp-initial-block-size-main=262144"
    "memorysetup-allocator-temp-initial-block-size-worker=262144"
    "memorysetup-temp-allocator-size-background-worker=32768"
    "memorysetup-temp-allocator-size-job-worker=262144"
    "memorysetup-temp-allocator-size-preload-manager=33554432"
    "memorysetup-temp-allocator-size-nav-mesh-worker=65536"
    "memorysetup-temp-allocator-size-audio-worker=65536"
    "memorysetup-temp-allocator-size-cloud-worker=32768"
    "memorysetup-temp-allocator-size-gi-baking-worker=262144"
    "memorysetup-temp-allocator-size-gi-baking-worker=262144"
    "memorysetup-temp-allocator-size-gi-baking-worker=262144"
    "memorysetup-temp-allocator-size-gi-baking-worker=262144"
    "memorysetup-temp-allocator-size-gi-baking-worker=262144"
    "memorysetup-temp-allocator-size-gfx=262144"
Player connection [2292]  Target information:

Player connection [2292]  * "[IP] 192.168.1.6 [Port] 0 [Flags] 2 [Guid] 550119881 [EditorId] 550119881 [Version] 1048832 [Id] WindowsEditor(7,SERKAN-PC) [Debug] 1 [PackageName] WindowsEditor [ProjectName] Editor" 

Player connection [2292]  * "[IP] 192.168.56.1 [Port] 0 [Flags] 2 [Guid] 550119881 [EditorId] 550119881 [Version] 1048832 [Id] WindowsEditor(7,SERKAN-PC) [Debug] 1 [PackageName] WindowsEditor [ProjectName] Editor" 

Player connection [2292] Host joined multi-casting on [225.0.0.222:54997]...
Player connection [2292] Host joined alternative multi-casting on [225.0.0.222:34997]...
JobSystem: Creating JobQueue using job-worker-count value 5
Library Redirect Path: Library/
[PhysX] Initialized MultithreadedTaskDispatcher with 6 workers.
Refreshing native plugins compatible for Editor in 2.73 ms, found 4 plugins.
Preloading 0 native plugins for Editor in 0.00 ms.
Initialize engine version: 6000.0.9f1 (1490908003ac)
[Subsystems] Discovering subsystems at path F:/GAME ENGINES/UNITY/Unity Hub/Versions/6000.0.9f1/Editor/Data/Resources/UnitySubsystems
[Subsystems] Discovering subsystems at path F:/PROJECTS/GITPROJECTS/BananaJump/BANANAJUMP/Assets
GfxDevice: creating device client; kGfxThreadingModeNonThreaded
Direct3D:
    Version:  Direct3D 11.0 [level 11.1]
    Renderer: NVIDIA GeForce RTX 3070 (ID=0x2488)
    Vendor:   NVIDIA
    VRAM:     8018 MB
    Driver:   32.0.15.6070
Initialize mono
Mono path[0] = 'F:/GAME ENGINES/UNITY/Unity Hub/Versions/6000.0.9f1/Editor/Data/Managed'
Mono path[1] = 'F:/GAME ENGINES/UNITY/Unity Hub/Versions/6000.0.9f1/Editor/Data/MonoBleedingEdge/lib/mono/unityjit-win32'
Mono config path = 'F:/GAME ENGINES/UNITY/Unity Hub/Versions/6000.0.9f1/Editor/Data/MonoBleedingEdge/etc'
Using monoOptions --debugger-agent=transport=dt_socket,embedding=1,server=y,suspend=n,address=127.0.0.1:56420
Begin MonoManager ReloadAssembly
Registering precompiled unity dll's ...
Register platform support module: F:/GAME ENGINES/UNITY/Unity Hub/Versions/6000.0.9f1/Editor/Data/PlaybackEngines/WindowsStandaloneSupport/UnityEditor.WindowsStandalone.Extensions.dll
Register platform support module: F:/GAME ENGINES/UNITY/Unity Hub/Versions/6000.0.9f1/Editor/Data/PlaybackEngines/MetroSupport/UnityEditor.UWP.Extensions.dll
Register platform support module: F:/GAME ENGINES/UNITY/Unity Hub/Versions/6000.0.9f1/Editor/Data/PlaybackEngines/AndroidPlayer/UnityEditor.Android.Extensions.dll
Registered in 0.003115 seconds.
- Loaded All Assemblies, in  0.344 seconds
Native extension for Android target not found
Android Extension - Scanning For ADB Devices 2243 ms
Native extension for UWP target not found
Native extension for WindowsStandalone target not found
Mono: successfully reloaded assembly
- Finished resetting the current domain, in  2.646 seconds
Domain Reload Profiling: 2990ms
	BeginReloadAssembly (118ms)
		ExecutionOrderSort (0ms)
		DisableScriptedObjects (0ms)
		BackupInstance (0ms)
		ReleaseScriptingObjects (0ms)
		CreateAndSetChildDomain (1ms)
	RebuildCommonClasses (29ms)
	RebuildNativeTypeToScriptingClass (10ms)
	initialDomainReloadingComplete (39ms)
	LoadAllAssembliesAndSetupDomain (147ms)
		LoadAssemblies (120ms)
		RebuildTransferFunctionScriptingTraits (0ms)
		AnalyzeDomain (142ms)
			TypeCache.Refresh (141ms)
				TypeCache.ScanAssembly (128ms)
			BuildScriptInfoCaches (0ms)
			ResolveRequiredComponents (0ms)
	FinalizeReload (2647ms)
		ReleaseScriptCaches (0ms)
		RebuildScriptCaches (0ms)
		SetupLoadedEditorAssemblies (2610ms)
			LogAssemblyErrors (0ms)
			InitializePlatformSupportModulesInManaged (2347ms)
			SetLoadedEditorAssemblies (3ms)
			BeforeProcessingInitializeOnLoad (4ms)
			ProcessInitializeOnLoadAttributes (102ms)
			ProcessInitializeOnLoadMethodAttributes (152ms)
			AfterProcessingInitializeOnLoad (0ms)
			EditorAssembliesLoaded (0ms)
		ExecutionOrderSort2 (0ms)
		AwakeInstancesAfterBackupRestoration (0ms)
========================================================================
Worker process is ready to serve import requests
Import Worker Mode flag is 0x00
Begin MonoManager ReloadAssembly
- Loaded All Assemblies, in  0.838 seconds
Refreshing native plugins compatible for Editor in 3.98 ms, found 4 plugins.
Native extension for Android target not found
Native extension for UWP target not found
Native extension for WindowsStandalone target not found
Mono: successfully reloaded assembly
Package Manager log level set to [2]
[Package Manager] Failed to launch server process. Reason: Unity was launched with the -noUpm command-line argument
[Package Manager] Unable to send message (not connected to server process).
[Package Manager] Cannot connect to Unity Package Manager local server
[Package Manager] Failed to launch server process. Reason: Unity was launched with the -noUpm command-line argument
[Package Manager] Unable to send message (not connected to server process).
[Package Manager] Cannot connect to Unity Package Manager local server
- Finished resetting the current domain, in  0.854 seconds
Domain Reload Profiling: 1692ms
	BeginReloadAssembly (350ms)
		ExecutionOrderSort (0ms)
		DisableScriptedObjects (4ms)
		BackupInstance (0ms)
		ReleaseScriptingObjects (0ms)
		CreateAndSetChildDomain (30ms)
	RebuildCommonClasses (29ms)
	RebuildNativeTypeToScriptingClass (10ms)
	initialDomainReloadingComplete (29ms)
	LoadAllAssembliesAndSetupDomain (420ms)
		LoadAssemblies (324ms)
		RebuildTransferFunctionScriptingTraits (0ms)
		AnalyzeDomain (197ms)
			TypeCache.Refresh (146ms)
				TypeCache.ScanAssembly (131ms)
			BuildScriptInfoCaches (44ms)
			ResolveRequiredComponents (4ms)
	FinalizeReload (855ms)
		ReleaseScriptCaches (0ms)
		RebuildScriptCaches (0ms)
		SetupLoadedEditorAssemblies (640ms)
			LogAssemblyErrors (0ms)
			InitializePlatformSupportModulesInManaged (15ms)
			SetLoadedEditorAssemblies (3ms)
			BeforeProcessingInitializeOnLoad (39ms)
			ProcessInitializeOnLoadAttributes (398ms)
			ProcessInitializeOnLoadMethodAttributes (183ms)
			AfterProcessingInitializeOnLoad (2ms)
			EditorAssembliesLoaded (0ms)
		ExecutionOrderSort2 (0ms)
		AwakeInstancesAfterBackupRestoration (5ms)
Launched and connected shader compiler UnityShaderCompiler.exe after 0.01 seconds
Refreshing native plugins compatible for Editor in 2.72 ms, found 4 plugins.
Preloading 0 native plugins for Editor in 0.00 ms.
Unloading 15 Unused Serialized files (Serialized files now loaded: 0)
Unloading 4968 unused Assets / (1.5 MB). Loaded Objects now: 5547.
Memory consumption went from 118.7 MB to 117.2 MB.
Total: 6.815500 ms (FindLiveObjects: 0.656200 ms CreateObjectMapping: 0.401400 ms MarkObjects: 4.563400 ms  DeleteObjects: 1.193100 ms)

========================================================================
Received Prepare
Begin MonoManager ReloadAssembly
- Loaded All Assemblies, in  0.697 seconds
Refreshing native plugins compatible for Editor in 2.54 ms, found 4 plugins.
Native extension for Android target not found
Native extension for UWP target not found
Native extension for WindowsStandalone target not found
Mono: successfully reloaded assembly
[Package Manager] Failed to launch server process. Reason: Unity was launched with the -noUpm command-line argument
[Package Manager] Unable to send message (not connected to server process).
[Package Manager] Cannot connect to Unity Package Manager local server
- Finished resetting the current domain, in  0.676 seconds
Domain Reload Profiling: 1375ms
	BeginReloadAssembly (235ms)
		ExecutionOrderSort (0ms)
		DisableScriptedObjects (12ms)
		BackupInstance (0ms)
		ReleaseScriptingObjects (0ms)
		CreateAndSetChildDomain (58ms)
	RebuildCommonClasses (40ms)
	RebuildNativeTypeToScriptingClass (11ms)
	initialDomainReloadingComplete (23ms)
	LoadAllAssembliesAndSetupDomain (390ms)
		LoadAssemblies (357ms)
		RebuildTransferFunctionScriptingTraits (0ms)
		AnalyzeDomain (160ms)
			TypeCache.Refresh (14ms)
				TypeCache.ScanAssembly (5ms)
			BuildScriptInfoCaches (136ms)
			ResolveRequiredComponents (6ms)
	FinalizeReload (677ms)
		ReleaseScriptCaches (0ms)
		RebuildScriptCaches (0ms)
		SetupLoadedEditorAssemblies (485ms)
			LogAssemblyErrors (0ms)
			InitializePlatformSupportModulesInManaged (15ms)
			SetLoadedEditorAssemblies (3ms)
			BeforeProcessingInitializeOnLoad (40ms)
			ProcessInitializeOnLoadAttributes (261ms)
			ProcessInitializeOnLoadMethodAttributes (165ms)
			AfterProcessingInitializeOnLoad (2ms)
			EditorAssembliesLoaded (0ms)
		ExecutionOrderSort2 (0ms)
		AwakeInstancesAfterBackupRestoration (6ms)
Refreshing native plugins compatible for Editor in 2.61 ms, found 4 plugins.
Preloading 0 native plugins for Editor in 0.00 ms.
Unloading 0 Unused Serialized files (Serialized files now loaded: 0)
Unloading 4966 unused Assets / (1.5 MB). Loaded Objects now: 5550.
Memory consumption went from 114.9 MB to 113.4 MB.
Total: 10.759900 ms (FindLiveObjects: 0.600500 ms CreateObjectMapping: 0.509100 ms MarkObjects: 8.268200 ms  DeleteObjects: 1.380800 ms)

Prepare: number of updated asset objects reloaded= 0
========================================================================
Received Prepare
Begin MonoManager ReloadAssembly
- Loaded All Assemblies, in  0.636 seconds
Refreshing native plugins compatible for Editor in 2.23 ms, found 4 plugins.
Native extension for Android target not found
Native extension for UWP target not found
Native extension for WindowsStandalone target not found
Mono: successfully reloaded assembly
[Package Manager] Failed to launch server process. Reason: Unity was launched with the -noUpm command-line argument
[Package Manager] Unable to send message (not connected to server process).
[Package Manager] Cannot connect to Unity Package Manager local server
- Finished resetting the current domain, in  0.690 seconds
Domain Reload Profiling: 1328ms
	BeginReloadAssembly (195ms)
		ExecutionOrderSort (0ms)
		DisableScriptedObjects (11ms)
		BackupInstance (0ms)
		ReleaseScriptingObjects (0ms)
		CreateAndSetChildDomain (39ms)
	RebuildCommonClasses (34ms)
	RebuildNativeTypeToScriptingClass (15ms)
	initialDomainReloadingComplete (24ms)
	LoadAllAssembliesAndSetupDomain (370ms)
		LoadAssemblies (322ms)
		RebuildTransferFunctionScriptingTraits (0ms)
		AnalyzeDomain (157ms)
			TypeCache.Refresh (8ms)
				TypeCache.ScanAssembly (0ms)
			BuildScriptInfoCaches (138ms)
			ResolveRequiredComponents (7ms)
	FinalizeReload (690ms)
		ReleaseScriptCaches (0ms)
		RebuildScriptCaches (0ms)
		SetupLoadedEditorAssemblies (490ms)
			LogAssemblyErrors (0ms)
			InitializePlatformSupportModulesInManaged (16ms)
			SetLoadedEditorAssemblies (5ms)
			BeforeProcessingInitializeOnLoad (44ms)
			ProcessInitializeOnLoadAttributes (258ms)
			ProcessInitializeOnLoadMethodAttributes (165ms)
			AfterProcessingInitializeOnLoad (2ms)
			EditorAssembliesLoaded (0ms)
		ExecutionOrderSort2 (0ms)
		AwakeInstancesAfterBackupRestoration (6ms)
Refreshing native plugins compatible for Editor in 2.33 ms, found 4 plugins.
Preloading 0 native plugins for Editor in 0.00 ms.
Unloading 0 Unused Serialized files (Serialized files now loaded: 0)
Unloading 4974 unused Assets / (1.3 MB). Loaded Objects now: 5560.
Memory consumption went from 115.0 MB to 113.7 MB.
Total: 5.873400 ms (FindLiveObjects: 0.394100 ms CreateObjectMapping: 0.326000 ms MarkObjects: 4.217400 ms  DeleteObjects: 0.934400 ms)

Prepare: number of updated asset objects reloaded= 0
========================================================================
Received Prepare
Begin MonoManager ReloadAssembly
- Loaded All Assemblies, in  0.568 seconds
Refreshing native plugins compatible for Editor in 2.46 ms, found 4 plugins.
Native extension for Android target not found
Native extension for UWP target not found
Native extension for WindowsStandalone target not found
Mono: successfully reloaded assembly
[Package Manager] Failed to launch server process. Reason: Unity was launched with the -noUpm command-line argument
[Package Manager] Unable to send message (not connected to server process).
[Package Manager] Cannot connect to Unity Package Manager local server
- Finished resetting the current domain, in  0.631 seconds
Domain Reload Profiling: 1200ms
	BeginReloadAssembly (179ms)
		ExecutionOrderSort (0ms)
		DisableScriptedObjects (10ms)
		BackupInstance (0ms)
		ReleaseScriptingObjects (0ms)
		CreateAndSetChildDomain (37ms)
	RebuildCommonClasses (29ms)
	RebuildNativeTypeToScriptingClass (10ms)
	initialDomainReloadingComplete (21ms)
	LoadAllAssembliesAndSetupDomain (330ms)
		LoadAssemblies (298ms)
		RebuildTransferFunctionScriptingTraits (0ms)
		AnalyzeDomain (133ms)
			TypeCache.Refresh (6ms)
				TypeCache.ScanAssembly (0ms)
			BuildScriptInfoCaches (120ms)
			ResolveRequiredComponents (4ms)
	FinalizeReload (631ms)
		ReleaseScriptCaches (0ms)
		RebuildScriptCaches (0ms)
		SetupLoadedEditorAssemblies (451ms)
			LogAssemblyErrors (0ms)
			InitializePlatformSupportModulesInManaged (15ms)
			SetLoadedEditorAssemblies (5ms)
			BeforeProcessingInitializeOnLoad (41ms)
			ProcessInitializeOnLoadAttributes (239ms)
			ProcessInitializeOnLoadMethodAttributes (149ms)
			AfterProcessingInitializeOnLoad (2ms)
			EditorAssembliesLoaded (0ms)
		ExecutionOrderSort2 (0ms)
		AwakeInstancesAfterBackupRestoration (5ms)
Refreshing native plugins compatible for Editor in 2.26 ms, found 4 plugins.
Preloading 0 native plugins for Editor in 0.00 ms.
Unloading 0 Unused Serialized files (Serialized files now loaded: 0)
Unloading 4974 unused Assets / (1.2 MB). Loaded Objects now: 5562.
Memory consumption went from 115.0 MB to 113.7 MB.
Total: 5.708100 ms (FindLiveObjects: 0.358800 ms CreateObjectMapping: 0.295100 ms MarkObjects: 4.045000 ms  DeleteObjects: 1.008000 ms)

Prepare: number of updated asset objects reloaded= 0
========================================================================
Received Prepare
Refreshing native plugins compatible for Editor in 3.05 ms, found 4 plugins.
Preloading 0 native plugins for Editor in 0.00 ms.
Unloading 0 Unused Serialized files (Serialized files now loaded: 0)
Unloading 0 unused Assets / (0 B). Loaded Objects now: 5562.
Memory consumption went from 111.5 MB to 111.5 MB.
Total: 5.624400 ms (FindLiveObjects: 0.224900 ms CreateObjectMapping: 0.152000 ms MarkObjects: 5.224200 ms  DeleteObjects: 0.021800 ms)

Prepare: number of updated asset objects reloaded= 0
AssetImportParameters requested are different than current active one (requested -> active):
0x00007ff8f6345e6d (Unity) StackWalker::ShowCallstack
0x00007ff8f6355dc9 (Unity) PlatformStacktrace::GetStacktrace
0x00007ff8f75b823e (Unity) Stacktrace::GetStacktrace
0x00007ff8f7b5f7ff (Unity) DebugStringToFile
0x00007ff8f77b5f06 (Unity) VerifyAssetImportParametersConsistency
0x00007ff8f7786215 (Unity) <lambda_94302c41bc55323db1fed16712a08587>::operator()
0x00007ff8f7869c0e (Unity) asio::detail::completion_handler<core::mutable_function<void __cdecl(void)>,asio::io_context::basic_executor_type<std::allocator<void>,0> >::do_complete
0x00007ff8f785749a (Unity) asio::detail::win_iocp_io_context::do_one
0x00007ff8f7858804 (Unity) asio::detail::win_iocp_io_context::run
0x00007ff8f786822c (Unity) IOService::Run
0x00007ff8f77b0216 (Unity) RunAssetImportWorkerClientV2
0x00007ff8f77b02db (Unity) RunAssetImporterV2
0x00007ff8f6fb500a (Unity) Application::InitializeProject
0x00007ff8f75c2615 (Unity) UnityMain
0x00007ff7f5db2fba (Unity) __scrt_common_main_seh
0x00007ff978ce7374 (KERNEL32) BaseThreadInitThunk
0x00007ff979b5cc91 (ntdll) RtlUserThreadStart

  buildTarget: platform 13, subtarget 0, extendedPlatform 0 -> platform 19, subtarget 2, extendedPlatform 0
0x00007ff8f6345e6d (Unity) StackWalker::ShowCallstack
0x00007ff8f6355dc9 (Unity) PlatformStacktrace::GetStacktrace
0x00007ff8f75b823e (Unity) Stacktrace::GetStacktrace
0x00007ff8f7b5f7ff (Unity) DebugStringToFile
0x00007ff8f77b5fe2 (Unity) VerifyAssetImportParametersConsistency
0x00007ff8f7786215 (Unity) <lambda_94302c41bc55323db1fed16712a08587>::operator()
0x00007ff8f7869c0e (Unity) asio::detail::completion_handler<core::mutable_function<void __cdecl(void)>,asio::io_context::basic_executor_type<std::allocator<void>,0> >::do_complete
0x00007ff8f785749a (Unity) asio::detail::win_iocp_io_context::do_one
0x00007ff8f7858804 (Unity) asio::detail::win_iocp_io_context::run
0x00007ff8f786822c (Unity) IOService::Run
0x00007ff8f77b0216 (Unity) RunAssetImportWorkerClientV2
0x00007ff8f77b02db (Unity) RunAssetImporterV2
0x00007ff8f6fb500a (Unity) Application::InitializeProject
0x00007ff8f75c2615 (Unity) UnityMain
0x00007ff7f5db2fba (Unity) __scrt_common_main_seh
0x00007ff978ce7374 (KERNEL32) BaseThreadInitThunk
0x00007ff979b5cc91 (ntdll) RtlUserThreadStart

  graphicsApiMask: 2099200 -> 4
0x00007ff8f6345e6d (Unity) StackWalker::ShowCallstack
0x00007ff8f6355dc9 (Unity) PlatformStacktrace::GetStacktrace
0x00007ff8f75b823e (Unity) Stacktrace::GetStacktrace
0x00007ff8f7b5f7ff (Unity) DebugStringToFile
0x00007ff8f77b5fe2 (Unity) VerifyAssetImportParametersConsistency
0x00007ff8f7786215 (Unity) <lambda_94302c41bc55323db1fed16712a08587>::operator()
0x00007ff8f7869c0e (Unity) asio::detail::completion_handler<core::mutable_function<void __cdecl(void)>,asio::io_context::basic_executor_type<std::allocator<void>,0> >::do_complete
0x00007ff8f785749a (Unity) asio::detail::win_iocp_io_context::do_one
0x00007ff8f7858804 (Unity) asio::detail::win_iocp_io_context::run
0x00007ff8f786822c (Unity) IOService::Run
0x00007ff8f77b0216 (Unity) RunAssetImportWorkerClientV2
0x00007ff8f77b02db (Unity) RunAssetImporterV2
0x00007ff8f6fb500a (Unity) Application::InitializeProject
0x00007ff8f75c2615 (Unity) UnityMain
0x00007ff7f5db2fba (Unity) __scrt_common_main_seh
0x00007ff978ce7374 (KERNEL32) BaseThreadInitThunk
0x00007ff979b5cc91 (ntdll) RtlUserThreadStart

========================================================================
Received Prepare
Refreshing native plugins compatible for Editor in 2.61 ms, found 4 plugins.
Preloading 0 native plugins for Editor in 0.00 ms.
Unloading 0 Unused Serialized files (Serialized files now loaded: 0)
Unloading 0 unused Assets / (0 B). Loaded Objects now: 5562.
Memory consumption went from 111.5 MB to 111.5 MB.
Total: 4.505600 ms (FindLiveObjects: 0.241900 ms CreateObjectMapping: 0.160600 ms MarkObjects: 4.092900 ms  DeleteObjects: 0.009200 ms)

Prepare: number of updated asset objects reloaded= 0
AssetImportParameters requested are different than current active one (requested -> active):
0x00007ff8f6345e6d (Unity) StackWalker::ShowCallstack
0x00007ff8f6355dc9 (Unity) PlatformStacktrace::GetStacktrace
0x00007ff8f75b823e (Unity) Stacktrace::GetStacktrace
0x00007ff8f7b5f7ff (Unity) DebugStringToFile
0x00007ff8f77b5f06 (Unity) VerifyAssetImportParametersConsistency
0x00007ff8f7786215 (Unity) <lambda_94302c41bc55323db1fed16712a08587>::operator()
0x00007ff8f7869c0e (Unity) asio::detail::completion_handler<core::mutable_function<void __cdecl(void)>,asio::io_context::basic_executor_type<std::allocator<void>,0> >::do_complete
0x00007ff8f785749a (Unity) asio::detail::win_iocp_io_context::do_one
0x00007ff8f7858804 (Unity) asio::detail::win_iocp_io_context::run
0x00007ff8f786822c (Unity) IOService::Run
0x00007ff8f77b0216 (Unity) RunAssetImportWorkerClientV2
0x00007ff8f77b02db (Unity) RunAssetImporterV2
0x00007ff8f6fb500a (Unity) Application::InitializeProject
0x00007ff8f75c2615 (Unity) UnityMain
0x00007ff7f5db2fba (Unity) __scrt_common_main_seh
0x00007ff978ce7374 (KERNEL32) BaseThreadInitThunk
0x00007ff979b5cc91 (ntdll) RtlUserThreadStart

  buildTarget: platform 13, subtarget 0, extendedPlatform 0 -> platform 19, subtarget 2, extendedPlatform 0
0x00007ff8f6345e6d (Unity) StackWalker::ShowCallstack
0x00007ff8f6355dc9 (Unity) PlatformStacktrace::GetStacktrace
0x00007ff8f75b823e (Unity) Stacktrace::GetStacktrace
0x00007ff8f7b5f7ff (Unity) DebugStringToFile
0x00007ff8f77b5fe2 (Unity) VerifyAssetImportParametersConsistency
0x00007ff8f7786215 (Unity) <lambda_94302c41bc55323db1fed16712a08587>::operator()
0x00007ff8f7869c0e (Unity) asio::detail::completion_handler<core::mutable_function<void __cdecl(void)>,asio::io_context::basic_executor_type<std::allocator<void>,0> >::do_complete
0x00007ff8f785749a (Unity) asio::detail::win_iocp_io_context::do_one
0x00007ff8f7858804 (Unity) asio::detail::win_iocp_io_context::run
0x00007ff8f786822c (Unity) IOService::Run
0x00007ff8f77b0216 (Unity) RunAssetImportWorkerClientV2
0x00007ff8f77b02db (Unity) RunAssetImporterV2
0x00007ff8f6fb500a (Unity) Application::InitializeProject
0x00007ff8f75c2615 (Unity) UnityMain
0x00007ff7f5db2fba (Unity) __scrt_common_main_seh
0x00007ff978ce7374 (KERNEL32) BaseThreadInitThunk
0x00007ff979b5cc91 (ntdll) RtlUserThreadStart

  graphicsApiMask: 2099200 -> 4
0x00007ff8f6345e6d (Unity) StackWalker::ShowCallstack
0x00007ff8f6355dc9 (Unity) PlatformStacktrace::GetStacktrace
0x00007ff8f75b823e (Unity) Stacktrace::GetStacktrace
0x00007ff8f7b5f7ff (Unity) DebugStringToFile
0x00007ff8f77b5fe2 (Unity) VerifyAssetImportParametersConsistency
0x00007ff8f7786215 (Unity) <lambda_94302c41bc55323db1fed16712a08587>::operator()
0x00007ff8f7869c0e (Unity) asio::detail::completion_handler<core::mutable_function<void __cdecl(void)>,asio::io_context::basic_executor_type<std::allocator<void>,0> >::do_complete
0x00007ff8f785749a (Unity) asio::detail::win_iocp_io_context::do_one
0x00007ff8f7858804 (Unity) asio::detail::win_iocp_io_context::run
0x00007ff8f786822c (Unity) IOService::Run
0x00007ff8f77b0216 (Unity) RunAssetImportWorkerClientV2
0x00007ff8f77b02db (Unity) RunAssetImporterV2
0x00007ff8f6fb500a (Unity) Application::InitializeProject
0x00007ff8f75c2615 (Unity) UnityMain
0x00007ff7f5db2fba (Unity) __scrt_common_main_seh
0x00007ff978ce7374 (KERNEL32) BaseThreadInitThunk
0x00007ff979b5cc91 (ntdll) RtlUserThreadStart

========================================================================
Received Prepare
Begin MonoManager ReloadAssembly
- Loaded All Assemblies, in  0.818 seconds
Refreshing native plugins compatible for Editor in 3.63 ms, found 4 plugins.
Native extension for Android target not found
Native extension for UWP target not found
Native extension for WindowsStandalone target not found
Mono: successfully reloaded assembly
[Package Manager] Failed to launch server process. Reason: Unity was launched with the -noUpm command-line argument
[Package Manager] Unable to send message (not connected to server process).
[Package Manager] Cannot connect to Unity Package Manager local server
- Finished resetting the current domain, in  0.833 seconds
Domain Reload Profiling: 1652ms
	BeginReloadAssembly (258ms)
		ExecutionOrderSort (0ms)
		DisableScriptedObjects (24ms)
		BackupInstance (0ms)
		ReleaseScriptingObjects (0ms)
		CreateAndSetChildDomain (60ms)
	RebuildCommonClasses (46ms)
	RebuildNativeTypeToScriptingClass (12ms)
	initialDomainReloadingComplete (28ms)
	LoadAllAssembliesAndSetupDomain (474ms)
		LoadAssemblies (378ms)
		RebuildTransferFunctionScriptingTraits (0ms)
		AnalyzeDomain (223ms)
			TypeCache.Refresh (101ms)
				TypeCache.ScanAssembly (90ms)
			BuildScriptInfoCaches (115ms)
			ResolveRequiredComponents (5ms)
	FinalizeReload (834ms)
		ReleaseScriptCaches (0ms)
		RebuildScriptCaches (0ms)
		SetupLoadedEditorAssemblies (532ms)
			LogAssemblyErrors (0ms)
			InitializePlatformSupportModulesInManaged (21ms)
			SetLoadedEditorAssemblies (3ms)
			BeforeProcessingInitializeOnLoad (51ms)
			ProcessInitializeOnLoadAttributes (293ms)
			ProcessInitializeOnLoadMethodAttributes (162ms)
			AfterProcessingInitializeOnLoad (2ms)
			EditorAssembliesLoaded (0ms)
		ExecutionOrderSort2 (0ms)
		AwakeInstancesAfterBackupRestoration (5ms)
Refreshing native plugins compatible for Editor in 3.89 ms, found 4 plugins.
Preloading 0 native plugins for Editor in 0.00 ms.
Unloading 0 Unused Serialized files (Serialized files now loaded: 0)
Unloading 4974 unused Assets / (2.0 MB). Loaded Objects now: 5564.
Memory consumption went from 115.0 MB to 113.0 MB.
Total: 7.507200 ms (FindLiveObjects: 0.393800 ms CreateObjectMapping: 0.325600 ms MarkObjects: 4.944200 ms  DeleteObjects: 1.842300 ms)

Prepare: number of updated asset objects reloaded= 0
AssetImportParameters requested are different than current active one (requested -> active):
0x00007ff8f6345e6d (Unity) StackWalker::ShowCallstack
0x00007ff8f6355dc9 (Unity) PlatformStacktrace::GetStacktrace
0x00007ff8f75b823e (Unity) Stacktrace::GetStacktrace
0x00007ff8f7b5f7ff (Unity) DebugStringToFile
0x00007ff8f77b5f06 (Unity) VerifyAssetImportParametersConsistency
0x00007ff8f7786215 (Unity) <lambda_94302c41bc55323db1fed16712a08587>::operator()
0x00007ff8f7869c0e (Unity) asio::detail::completion_handler<core::mutable_function<void __cdecl(void)>,asio::io_context::basic_executor_type<std::allocator<void>,0> >::do_complete
0x00007ff8f785749a (Unity) asio::detail::win_iocp_io_context::do_one
0x00007ff8f7858804 (Unity) asio::detail::win_iocp_io_context::run
0x00007ff8f786822c (Unity) IOService::Run
0x00007ff8f77b0216 (Unity) RunAssetImportWorkerClientV2
0x00007ff8f77b02db (Unity) RunAssetImporterV2
0x00007ff8f6fb500a (Unity) Application::InitializeProject
0x00007ff8f75c2615 (Unity) UnityMain
0x00007ff7f5db2fba (Unity) __scrt_common_main_seh
0x00007ff978ce7374 (KERNEL32) BaseThreadInitThunk
0x00007ff979b5cc91 (ntdll) RtlUserThreadStart

  buildTarget: platform 13, subtarget 0, extendedPlatform 0 -> platform 19, subtarget 2, extendedPlatform 0
0x00007ff8f6345e6d (Unity) StackWalker::ShowCallstack
0x00007ff8f6355dc9 (Unity) PlatformStacktrace::GetStacktrace
0x00007ff8f75b823e (Unity) Stacktrace::GetStacktrace
0x00007ff8f7b5f7ff (Unity) DebugStringToFile
0x00007ff8f77b5fe2 (Unity) VerifyAssetImportParametersConsistency
0x00007ff8f7786215 (Unity) <lambda_94302c41bc55323db1fed16712a08587>::operator()
0x00007ff8f7869c0e (Unity) asio::detail::completion_handler<core::mutable_function<void __cdecl(void)>,asio::io_context::basic_executor_type<std::allocator<void>,0> >::do_complete
0x00007ff8f785749a (Unity) asio::detail::win_iocp_io_context::do_one
0x00007ff8f7858804 (Unity) asio::detail::win_iocp_io_context::run
0x00007ff8f786822c (Unity) IOService::Run
0x00007ff8f77b0216 (Unity) RunAssetImportWorkerClientV2
0x00007ff8f77b02db (Unity) RunAssetImporterV2
0x00007ff8f6fb500a (Unity) Application::InitializeProject
0x00007ff8f75c2615 (Unity) UnityMain
0x00007ff7f5db2fba (Unity) __scrt_common_main_seh
0x00007ff978ce7374 (KERNEL32) BaseThreadInitThunk
0x00007ff979b5cc91 (ntdll) RtlUserThreadStart

  graphicsApiMask: 2099200 -> 4
0x00007ff8f6345e6d (Unity) StackWalker::ShowCallstack
0x00007ff8f6355dc9 (Unity) PlatformStacktrace::GetStacktrace
0x00007ff8f75b823e (Unity) Stacktrace::GetStacktrace
0x00007ff8f7b5f7ff (Unity) DebugStringToFile
0x00007ff8f77b5fe2 (Unity) VerifyAssetImportParametersConsistency
0x00007ff8f7786215 (Unity) <lambda_94302c41bc55323db1fed16712a08587>::operator()
0x00007ff8f7869c0e (Unity) asio::detail::completion_handler<core::mutable_function<void __cdecl(void)>,asio::io_context::basic_executor_type<std::allocator<void>,0> >::do_complete
0x00007ff8f785749a (Unity) asio::detail::win_iocp_io_context::do_one
0x00007ff8f7858804 (Unity) asio::detail::win_iocp_io_context::run
0x00007ff8f786822c (Unity) IOService::Run
0x00007ff8f77b0216 (Unity) RunAssetImportWorkerClientV2
0x00007ff8f77b02db (Unity) RunAssetImporterV2
0x00007ff8f6fb500a (Unity) Application::InitializeProject
0x00007ff8f75c2615 (Unity) UnityMain
0x00007ff7f5db2fba (Unity) __scrt_common_main_seh
0x00007ff978ce7374 (KERNEL32) BaseThreadInitThunk
0x00007ff979b5cc91 (ntdll) RtlUserThreadStart

========================================================================
Received Import Request.
  Time since last request: 15298.101186 seconds.
  path: Assets/Readme.asset
  artifactKey: Guid(7f2c382dc2c22446db59030979f6e495) Importer(2089858483,192608db42251d675da83286b1cce702)
Start importing Assets/Readme.asset using Guid(7f2c382dc2c22446db59030979f6e495) Importer(2089858483,192608db42251d675da83286b1cce702) (ScriptedImporter)[PhysX] Initialized MultithreadedTaskDispatcher with 6 workers.
 -> (artifact id: '32eb18041a0be71e6b3e86635269bd31') in 0.7553802 seconds
Number of updated asset objects reloaded before import = 0Number of asset objects unloaded after import = 2

========================================================================
Received Import Request.
  Time since last request: 0.000021 seconds.
  path: Assets/Animations/Bird Animations/Flap.anim
  artifactKey: Guid(3935476e59d2a406d90764f8378f8edf) Importer(2089858483,192608db42251d675da83286b1cce702)
Start importing Assets/Animations/Bird Animations/Flap.anim using Guid(3935476e59d2a406d90764f8378f8edf) Importer(2089858483,192608db42251d675da83286b1cce702) (ScriptedImporter)[PhysX] Initialized MultithreadedTaskDispatcher with 6 workers.
 -> (artifact id: '37e91c404786e21b8b8efa977fff1c3d') in 0.0324701 seconds
Number of updated asset objects reloaded before import = 0Number of asset objects unloaded after import = 1

========================================================================
Received Import Request.
  Time since last request: 0.000054 seconds.
  path: Assets/Scripts/Helper Scripts/GameManager.cs
  artifactKey: Guid(a94c722d1a007497392cf031b3c808db) Importer(2089858483,192608db42251d675da83286b1cce702)
Start importing Assets/Scripts/Helper Scripts/GameManager.cs using Guid(a94c722d1a007497392cf031b3c808db) Importer(2089858483,192608db42251d675da83286b1cce702) (ScriptedImporter)[PhysX] Initialized MultithreadedTaskDispatcher with 6 workers.
 -> (artifact id: '4bb22de0917c9ccabc33545c64740832') in 0.0344797 seconds
Number of updated asset objects reloaded before import = 0Number of asset objects unloaded after import = 0

========================================================================
Received Import Request.
  Time since last request: 0.000103 seconds.
  path: Assets/Physics Material/No Friction.physicsMaterial2D
  artifactKey: Guid(599e5a48673e74b98a49e1b214f01b83) Importer(2089858483,192608db42251d675da83286b1cce702)
Start importing Assets/Physics Material/No Friction.physicsMaterial2D using Guid(599e5a48673e74b98a49e1b214f01b83) Importer(2089858483,192608db42251d675da83286b1cce702) (ScriptedImporter)[PhysX] Initialized MultithreadedTaskDispatcher with 6 workers.
 -> (artifact id: '6772a2403c8d0bc8d16755c295753fdd') in 0.0106356 seconds
Number of updated asset objects reloaded before import = 0Number of asset objects unloaded after import = 1

========================================================================
Received Import Request.
  Time since last request: 0.000072 seconds.
  path: Assets/Prefabs/Banana.prefab
  artifactKey: Guid(5523694c781ff489081e876f095873a0) Importer(2089858483,192608db42251d675da83286b1cce702)
Start importing Assets/Prefabs/Banana.prefab using Guid(5523694c781ff489081e876f095873a0) Importer(2089858483,192608db42251d675da83286b1cce702) (ScriptedImporter)[PhysX] Initialized MultithreadedTaskDispatcher with 6 workers.
 -> (artifact id: '2455860e85f2b53b1c413cfe32c60ffa') in 0.0462654 seconds
Number of updated asset objects reloaded before import = 0Number of asset objects unloaded after import = 8

========================================================================
Received Import Request.
  Time since last request: 0.000019 seconds.
  path: Assets/Prefabs/Bird.prefab
  artifactKey: Guid(254fda238ddac4e568924b6a60a33f3a) Importer(2089858483,192608db42251d675da83286b1cce702)
Start importing Assets/Prefabs/Bird.prefab using Guid(254fda238ddac4e568924b6a60a33f3a) Importer(2089858483,192608db42251d675da83286b1cce702) (ScriptedImporter)[PhysX] Initialized MultithreadedTaskDispatcher with 6 workers.
 -> (artifact id: '66a7c3c550294a94d3e3d7c96cf8a7b7') in 0.0351686 seconds
Number of updated asset objects reloaded before import = 0Number of asset objects unloaded after import = 13

========================================================================
Received Import Request.
  Time since last request: 0.000016 seconds.
  path: Assets/Sounds/Branch_Break.wav
  artifactKey: Guid(73b479ef7542f6648b738c5a9df8c28b) Importer(2089858483,192608db42251d675da83286b1cce702)
Start importing Assets/Sounds/Branch_Break.wav using Guid(73b479ef7542f6648b738c5a9df8c28b) Importer(2089858483,192608db42251d675da83286b1cce702) (ScriptedImporter)[PhysX] Initialized MultithreadedTaskDispatcher with 6 workers.
 -> (artifact id: 'ab3a4deb3247bbc7a0c4f98f89ac05ea') in 0.1019266 seconds
Number of updated asset objects reloaded before import = 0Number of asset objects unloaded after import = 1

========================================================================
Received Import Request.
  Time since last request: 0.000031 seconds.
  path: Assets/Sounds/Jump.wav
  artifactKey: Guid(9ab129f2e58d88e44a20baaf1b2d289d) Importer(2089858483,192608db42251d675da83286b1cce702)
Start importing Assets/Sounds/Jump.wav using Guid(9ab129f2e58d88e44a20baaf1b2d289d) Importer(2089858483,192608db42251d675da83286b1cce702) (ScriptedImporter)[PhysX] Initialized MultithreadedTaskDispatcher with 6 workers.
 -> (artifact id: '4e3ec1d31b7edab03d7d27d960ea4a8e') in 0.0175676 seconds
Number of updated asset objects reloaded before import = 0Number of asset objects unloaded after import = 1

========================================================================
Received Import Request.
  Time since last request: 0.000047 seconds.
  path: Assets/Prefabs/Bananas.prefab
  artifactKey: Guid(477eeb1eef15046368159dfd7a2c63b3) Importer(2089858483,192608db42251d675da83286b1cce702)
Start importing Assets/Prefabs/Bananas.prefab using Guid(477eeb1eef15046368159dfd7a2c63b3) Importer(2089858483,192608db42251d675da83286b1cce702) (ScriptedImporter)[PhysX] Initialized MultithreadedTaskDispatcher with 6 workers.
 -> (artifact id: '51c16734f07329f11ef16be7bae62bef') in 0.0175749 seconds
Number of updated asset objects reloaded before import = 0Number of asset objects unloaded after import = 8

========================================================================
Received Import Request.
  Time since last request: 0.000018 seconds.
  path: Assets/Scripts/Spawner And Collector/BGSpawner.cs
  artifactKey: Guid(ff61a5314c76f495aaa99a322fa0bb4d) Importer(2089858483,192608db42251d675da83286b1cce702)
Start importing Assets/Scripts/Spawner And Collector/BGSpawner.cs using Guid(ff61a5314c76f495aaa99a322fa0bb4d) Importer(2089858483,192608db42251d675da83286b1cce702) (ScriptedImporter)[PhysX] Initialized MultithreadedTaskDispatcher with 6 workers.
 -> (artifact id: '91a2557922d28d12db6c9040077c1830') in 0.0042219 seconds
Number of updated asset objects reloaded before import = 0Number of asset objects unloaded after import = 0

========================================================================
Received Import Request.
  Time since last request: 0.000052 seconds.
  path: Assets/TutorialInfo/Scripts/Readme.cs
  artifactKey: Guid(fcf7219bab7fe46a1ad266029b2fee19) Importer(2089858483,192608db42251d675da83286b1cce702)
Start importing Assets/TutorialInfo/Scripts/Readme.cs using Guid(fcf7219bab7fe46a1ad266029b2fee19) Importer(2089858483,192608db42251d675da83286b1cce702) (ScriptedImporter)[PhysX] Initialized MultithreadedTaskDispatcher with 6 workers.
 -> (artifact id: '8e134d5f5d1f86f6e0fd200615d4f6e0') in 0.0029279 seconds
Number of updated asset objects reloaded before import = 0Number of asset objects unloaded after import = 0

========================================================================
Received Import Request.
  Time since last request: 0.000083 seconds.
  path: Assets/Prefabs/Platform/Platform Left.prefab
  artifactKey: Guid(b682b37fa6c39461ca7d1460fafe0d0e) Importer(2089858483,192608db42251d675da83286b1cce702)
Start importing Assets/Prefabs/Platform/Platform Left.prefab using Guid(b682b37fa6c39461ca7d1460fafe0d0e) Importer(2089858483,192608db42251d675da83286b1cce702) (ScriptedImporter)[PhysX] Initialized MultithreadedTaskDispatcher with 6 workers.
 -> (artifact id: 'baf89c3fe76adf1deca49ac2d75b3f2a') in 0.0354072 seconds
Number of updated asset objects reloaded before import = 0Number of asset objects unloaded after import = 25

========================================================================
Received Import Request.
  Time since last request: 0.000022 seconds.
  path: Assets/Sounds/menu.wav
  artifactKey: Guid(95b3dbbaeec6040a3bb62d205b73632f) Importer(2089858483,192608db42251d675da83286b1cce702)
Start importing Assets/Sounds/menu.wav using Guid(95b3dbbaeec6040a3bb62d205b73632f) Importer(2089858483,192608db42251d675da83286b1cce702) (ScriptedImporter)[PhysX] Initialized MultithreadedTaskDispatcher with 6 workers.
 -> (artifact id: '4e275406de82e3e6ed0970d2d16b5cce') in 0.0794251 seconds
Number of updated asset objects reloaded before import = 0Number of asset objects unloaded after import = 1

========================================================================
Received Import Request.
  Time since last request: 0.000045 seconds.
  path: Assets/Sprites/bananas.png
  artifactKey: Guid(ba478a736ac8b4ba495dff8d27d44c09) Importer(2089858483,192608db42251d675da83286b1cce702)
Start importing Assets/Sprites/bananas.png using Guid(ba478a736ac8b4ba495dff8d27d44c09) Importer(2089858483,192608db42251d675da83286b1cce702) (ScriptedImporter)[PhysX] Initialized MultithreadedTaskDispatcher with 6 workers.
 -> (artifact id: 'd0f91d3d8aab82e6884213101403c34c') in 0.0358577 seconds
Number of updated asset objects reloaded before import = 0Number of asset objects unloaded after import = 3

========================================================================
Received Import Request.
  Time since last request: 0.000016 seconds.
  path: Assets/Sprites/Logo.png
  artifactKey: Guid(093ec17c8dda741e0b7ab1b598f3bd02) Importer(2089858483,192608db42251d675da83286b1cce702)
Start importing Assets/Sprites/Logo.png using Guid(093ec17c8dda741e0b7ab1b598f3bd02) Importer(2089858483,192608db42251d675da83286b1cce702) (ScriptedImporter)[PhysX] Initialized MultithreadedTaskDispatcher with 6 workers.
 -> (artifact id: 'fba1a1fd08c4b39b380f5da11a0bc302') in 0.0212413 seconds
Number of updated asset objects reloaded before import = 0Number of asset objects unloaded after import = 3

========================================================================
Received Import Request.
  Time since last request: 0.000019 seconds.
  path: Assets/Editor/com.unity.mobile.notifications/NotificationSettings.asset
  artifactKey: Guid(4cee8bca36f2ab74b8feb832747fa6f4) Importer(2089858483,192608db42251d675da83286b1cce702)
Start importing Assets/Editor/com.unity.mobile.notifications/NotificationSettings.asset using Guid(4cee8bca36f2ab74b8feb832747fa6f4) Importer(2089858483,192608db42251d675da83286b1cce702) (ScriptedImporter)[PhysX] Initialized MultithreadedTaskDispatcher with 6 workers.
 -> (artifact id: '5e238a0f425d18fb8dd71e976acaf791') in 0.0110242 seconds
Number of updated asset objects reloaded before import = 0Number of asset objects unloaded after import = 1

========================================================================
Received Import Request.
  Time since last request: 0.000060 seconds.
  path: Assets/Sprites/Enemy/Bird.png
  artifactKey: Guid(3204f9050472a4a6b80b7ce6951e2224) Importer(2089858483,192608db42251d675da83286b1cce702)
Start importing Assets/Sprites/Enemy/Bird.png using Guid(3204f9050472a4a6b80b7ce6951e2224) Importer(2089858483,192608db42251d675da83286b1cce702) (ScriptedImporter)[PhysX] Initialized MultithreadedTaskDispatcher with 6 workers.
 -> (artifact id: '1e9cb33b992c806605fc4033084dd844') in 0.0107749 seconds
Number of updated asset objects reloaded before import = 0Number of asset objects unloaded after import = 3

========================================================================
Received Import Request.
  Time since last request: 0.000019 seconds.
  path: Assets/Sprites/banana.png
  artifactKey: Guid(56c5817981cab4e368b99e584ec2af32) Importer(2089858483,192608db42251d675da83286b1cce702)
Start importing Assets/Sprites/banana.png using Guid(56c5817981cab4e368b99e584ec2af32) Importer(2089858483,192608db42251d675da83286b1cce702) (ScriptedImporter)[PhysX] Initialized MultithreadedTaskDispatcher with 6 workers.
 -> (artifact id: '7c2356e2692da82326797ab811b45c03') in 0.0117893 seconds
Number of updated asset objects reloaded before import = 0Number of asset objects unloaded after import = 3

========================================================================
Received Import Request.
  Time since last request: 0.000016 seconds.
  path: Assets/Scripts/Platform Scripts/PlatformSpawner.cs
  artifactKey: Guid(1a860d36417094c13a0ca3d232359cc3) Importer(2089858483,192608db42251d675da83286b1cce702)
Start importing Assets/Scripts/Platform Scripts/PlatformSpawner.cs using Guid(1a860d36417094c13a0ca3d232359cc3) Importer(2089858483,192608db42251d675da83286b1cce702) (ScriptedImporter)[PhysX] Initialized MultithreadedTaskDispatcher with 6 workers.
 -> (artifact id: '16e232f09645307b7c8bbc05a742d119') in 0.0046961 seconds
Number of updated asset objects reloaded before import = 0Number of asset objects unloaded after import = 0

========================================================================
Received Import Request.
  Time since last request: 0.000052 seconds.
  path: Assets/TutorialInfo/Icons/Help_Icon.png
  artifactKey: Guid(9266273b8f123004195741f969177dda) Importer(2089858483,192608db42251d675da83286b1cce702)
Start importing Assets/TutorialInfo/Icons/Help_Icon.png using Guid(9266273b8f123004195741f969177dda) Importer(2089858483,192608db42251d675da83286b1cce702) (ScriptedImporter)[PhysX] Initialized MultithreadedTaskDispatcher with 6 workers.
 -> (artifact id: 'e3a8532a4c4d9b793b19b2ef1fbb3c15') in 0.0212852 seconds
Number of updated asset objects reloaded before import = 0Number of asset objects unloaded after import = 1

========================================================================
Received Import Request.
  Time since last request: 0.000059 seconds.
  path: Assets/Sprites/Enemy/Bird2.png
  artifactKey: Guid(79f9951b16caf44ccb31d41af894cc7c) Importer(2089858483,192608db42251d675da83286b1cce702)
Start importing Assets/Sprites/Enemy/Bird2.png using Guid(79f9951b16caf44ccb31d41af894cc7c) Importer(2089858483,192608db42251d675da83286b1cce702) (ScriptedImporter)[PhysX] Initialized MultithreadedTaskDispatcher with 6 workers.
 -> (artifact id: '30bb75f782ef5d3e5e242ef889ac34d2') in 0.0115074 seconds
Number of updated asset objects reloaded before import = 0Number of asset objects unloaded after import = 3

========================================================================
Received Prepare
Begin MonoManager ReloadAssembly
- Loaded All Assemblies, in  0.707 seconds
Refreshing native plugins compatible for Editor in 3.50 ms, found 4 plugins.
Assertion failed on expression: 'pred(*previous, *i)'
0x00007ff8f6345e6d (Unity) StackWalker::ShowCallstack
0x00007ff8f6355dc9 (Unity) PlatformStacktrace::GetStacktrace
0x00007ff8f75b823e (Unity) Stacktrace::GetStacktrace
0x00007ff8f7b5f7ff (Unity) DebugStringToFile
0x00007ff8f7b5f3ba (Unity) AssertImplementation
0x00007ff8f61f7c93 (Unity) MonoScriptManager::CollectGarbageIn
0x00007ff8f61f7948 (Unity) MonoScriptManager::CollectGarbage
0x00007ff8f6230c78 (Unity) MonoManager::FinalizeReload
0x00007ff8f775cd15 (Unity) ScriptingInitializer::FinalizeReload
0x00007ff8f77ac42f (Unity) AssetImportWorkerClient::ReloadScriptingDomain
0x00007ff8f7785ffc (Unity) <lambda_94302c41bc55323db1fed16712a08587>::operator()
0x00007ff8f7869c0e (Unity) asio::detail::completion_handler<core::mutable_function<void __cdecl(void)>,asio::io_context::basic_executor_type<std::allocator<void>,0> >::do_complete
0x00007ff8f785749a (Unity) asio::detail::win_iocp_io_context::do_one
0x00007ff8f7858804 (Unity) asio::detail::win_iocp_io_context::run
0x00007ff8f786822c (Unity) IOService::Run
0x00007ff8f77b0216 (Unity) RunAssetImportWorkerClientV2
0x00007ff8f77b02db (Unity) RunAssetImporterV2
0x00007ff8f6fb500a (Unity) Application::InitializeProject
0x00007ff8f75c2615 (Unity) UnityMain
0x00007ff7f5db2fba (Unity) __scrt_common_main_seh
0x00007ff978ce7374 (KERNEL32) BaseThreadInitThunk
0x00007ff979b5cc91 (ntdll) RtlUserThreadStart

Assertion failed on expression: 'pred(*previous, *i)'
0x00007ff8f6345e6d (Unity) StackWalker::ShowCallstack
0x00007ff8f6355dc9 (Unity) PlatformStacktrace::GetStacktrace
0x00007ff8f75b823e (Unity) Stacktrace::GetStacktrace
0x00007ff8f7b5f7ff (Unity) DebugStringToFile
0x00007ff8f7b5f3ba (Unity) AssertImplementation
0x00007ff8f61f7c93 (Unity) MonoScriptManager::CollectGarbageIn
0x00007ff8f61f7948 (Unity) MonoScriptManager::CollectGarbage
0x00007ff8f6230c78 (Unity) MonoManager::FinalizeReload
0x00007ff8f775cd15 (Unity) ScriptingInitializer::FinalizeReload
0x00007ff8f77ac42f (Unity) AssetImportWorkerClient::ReloadScriptingDomain
0x00007ff8f7785ffc (Unity) <lambda_94302c41bc55323db1fed16712a08587>::operator()
0x00007ff8f7869c0e (Unity) asio::detail::completion_handler<core::mutable_function<void __cdecl(void)>,asio::io_context::basic_executor_type<std::allocator<void>,0> >::do_complete
0x00007ff8f785749a (Unity) asio::detail::win_iocp_io_context::do_one
0x00007ff8f7858804 (Unity) asio::detail::win_iocp_io_context::run
0x00007ff8f786822c (Unity) IOService::Run
0x00007ff8f77b0216 (Unity) RunAssetImportWorkerClientV2
0x00007ff8f77b02db (Unity) RunAssetImporterV2
0x00007ff8f6fb500a (Unity) Application::InitializeProject
0x00007ff8f75c2615 (Unity) UnityMain
0x00007ff7f5db2fba (Unity) __scrt_common_main_seh
0x00007ff978ce7374 (KERNEL32) BaseThreadInitThunk
0x00007ff979b5cc91 (ntdll) RtlUserThreadStart

Assertion failed on expression: 'pred(*previous, *i)'
0x00007ff8f6345e6d (Unity) StackWalker::ShowCallstack
0x00007ff8f6355dc9 (Unity) PlatformStacktrace::GetStacktrace
0x00007ff8f75b823e (Unity) Stacktrace::GetStacktrace
0x00007ff8f7b5f7ff (Unity) DebugStringToFile
0x00007ff8f7b5f3ba (Unity) AssertImplementation
0x00007ff8f61f7c93 (Unity) MonoScriptManager::CollectGarbageIn
0x00007ff8f61f7948 (Unity) MonoScriptManager::CollectGarbage
0x00007ff8f6230c78 (Unity) MonoManager::FinalizeReload
0x00007ff8f775cd15 (Unity) ScriptingInitializer::FinalizeReload
0x00007ff8f77ac42f (Unity) AssetImportWorkerClient::ReloadScriptingDomain
0x00007ff8f7785ffc (Unity) <lambda_94302c41bc55323db1fed16712a08587>::operator()
0x00007ff8f7869c0e (Unity) asio::detail::completion_handler<core::mutable_function<void __cdecl(void)>,asio::io_context::basic_executor_type<std::allocator<void>,0> >::do_complete
0x00007ff8f785749a (Unity) asio::detail::win_iocp_io_context::do_one
0x00007ff8f7858804 (Unity) asio::detail::win_iocp_io_context::run
0x00007ff8f786822c (Unity) IOService::Run
0x00007ff8f77b0216 (Unity) RunAssetImportWorkerClientV2
0x00007ff8f77b02db (Unity) RunAssetImporterV2
0x00007ff8f6fb500a (Unity) Application::InitializeProject
0x00007ff8f75c2615 (Unity) UnityMain
0x00007ff7f5db2fba (Unity) __scrt_common_main_seh
0x00007ff978ce7374 (KERNEL32) BaseThreadInitThunk
0x00007ff979b5cc91 (ntdll) RtlUserThreadStart

Assertion failed on expression: 'pred(*previous, *i)'
0x00007ff8f6345e6d (Unity) StackWalker::ShowCallstack
0x00007ff8f6355dc9 (Unity) PlatformStacktrace::GetStacktrace
0x00007ff8f75b823e (Unity) Stacktrace::GetStacktrace
0x00007ff8f7b5f7ff (Unity) DebugStringToFile
0x00007ff8f7b5f3ba (Unity) AssertImplementation
0x00007ff8f61f7c93 (Unity) MonoScriptManager::CollectGarbageIn
0x00007ff8f61f7948 (Unity) MonoScriptManager::CollectGarbage
0x00007ff8f6230c78 (Unity) MonoManager::FinalizeReload
0x00007ff8f775cd15 (Unity) ScriptingInitializer::FinalizeReload
0x00007ff8f77ac42f (Unity) AssetImportWorkerClient::ReloadScriptingDomain
0x00007ff8f7785ffc (Unity) <lambda_94302c41bc55323db1fed16712a08587>::operator()
0x00007ff8f7869c0e (Unity) asio::detail::completion_handler<core::mutable_function<void __cdecl(void)>,asio::io_context::basic_executor_type<std::allocator<void>,0> >::do_complete
0x00007ff8f785749a (Unity) asio::detail::win_iocp_io_context::do_one
0x00007ff8f7858804 (Unity) asio::detail::win_iocp_io_context::run
0x00007ff8f786822c (Unity) IOService::Run
0x00007ff8f77b0216 (Unity) RunAssetImportWorkerClientV2
0x00007ff8f77b02db (Unity) RunAssetImporterV2
0x00007ff8f6fb500a (Unity) Application::InitializeProject
0x00007ff8f75c2615 (Unity) UnityMain
0x00007ff7f5db2fba (Unity) __scrt_common_main_seh
0x00007ff978ce7374 (KERNEL32) BaseThreadInitThunk
0x00007ff979b5cc91 (ntdll) RtlUserThreadStart

Assertion failed on expression: 'pred(*previous, *i)'
0x00007ff8f6345e6d (Unity) StackWalker::ShowCallstack
0x00007ff8f6355dc9 (Unity) PlatformStacktrace::GetStacktrace
0x00007ff8f75b823e (Unity) Stacktrace::GetStacktrace
0x00007ff8f7b5f7ff (Unity) DebugStringToFile
0x00007ff8f7b5f3ba (Unity) AssertImplementation
0x00007ff8f61f7c93 (Unity) MonoScriptManager::CollectGarbageIn
0x00007ff8f61f7948 (Unity) MonoScriptManager::CollectGarbage
0x00007ff8f6230c78 (Unity) MonoManager::FinalizeReload
0x00007ff8f775cd15 (Unity) ScriptingInitializer::FinalizeReload
0x00007ff8f77ac42f (Unity) AssetImportWorkerClient::ReloadScriptingDomain
0x00007ff8f7785ffc (Unity) <lambda_94302c41bc55323db1fed16712a08587>::operator()
0x00007ff8f7869c0e (Unity) asio::detail::completion_handler<core::mutable_function<void __cdecl(void)>,asio::io_context::basic_executor_type<std::allocator<void>,0> >::do_complete
0x00007ff8f785749a (Unity) asio::detail::win_iocp_io_context::do_one
0x00007ff8f7858804 (Unity) asio::detail::win_iocp_io_context::run
0x00007ff8f786822c (Unity) IOService::Run
0x00007ff8f77b0216 (Unity) RunAssetImportWorkerClientV2
0x00007ff8f77b02db (Unity) RunAssetImporterV2
0x00007ff8f6fb500a (Unity) Application::InitializeProject
0x00007ff8f75c2615 (Unity) UnityMain
0x00007ff7f5db2fba (Unity) __scrt_common_main_seh
0x00007ff978ce7374 (KERNEL32) BaseThreadInitThunk
0x00007ff979b5cc91 (ntdll) RtlUserThreadStart

Assertion failed on expression: 'pred(*previous, *i)'
0x00007ff8f6345e6d (Unity) StackWalker::ShowCallstack
0x00007ff8f6355dc9 (Unity) PlatformStacktrace::GetStacktrace
0x00007ff8f75b823e (Unity) Stacktrace::GetStacktrace
0x00007ff8f7b5f7ff (Unity) DebugStringToFile
0x00007ff8f7b5f3ba (Unity) AssertImplementation
0x00007ff8f61f7c93 (Unity) MonoScriptManager::CollectGarbageIn
0x00007ff8f61f7948 (Unity) MonoScriptManager::CollectGarbage
0x00007ff8f6230c78 (Unity) MonoManager::FinalizeReload
0x00007ff8f775cd15 (Unity) ScriptingInitializer::FinalizeReload
0x00007ff8f77ac42f (Unity) AssetImportWorkerClient::ReloadScriptingDomain
0x00007ff8f7785ffc (Unity) <lambda_94302c41bc55323db1fed16712a08587>::operator()
0x00007ff8f7869c0e (Unity) asio::detail::completion_handler<core::mutable_function<void __cdecl(void)>,asio::io_context::basic_executor_type<std::allocator<void>,0> >::do_complete
0x00007ff8f785749a (Unity) asio::detail::win_iocp_io_context::do_one
0x00007ff8f7858804 (Unity) asio::detail::win_iocp_io_context::run
0x00007ff8f786822c (Unity) IOService::Run
0x00007ff8f77b0216 (Unity) RunAssetImportWorkerClientV2
0x00007ff8f77b02db (Unity) RunAssetImporterV2
0x00007ff8f6fb500a (Unity) Application::InitializeProject
0x00007ff8f75c2615 (Unity) UnityMain
0x00007ff7f5db2fba (Unity) __scrt_common_main_seh
0x00007ff978ce7374 (KERNEL32) BaseThreadInitThunk
0x00007ff979b5cc91 (ntdll) RtlUserThreadStart

Assertion failed on expression: 'pred(*previous, *i)'
0x00007ff8f6345e6d (Unity) StackWalker::ShowCallstack
0x00007ff8f6355dc9 (Unity) PlatformStacktrace::GetStacktrace
0x00007ff8f75b823e (Unity) Stacktrace::GetStacktrace
0x00007ff8f7b5f7ff (Unity) DebugStringToFile
0x00007ff8f7b5f3ba (Unity) AssertImplementation
0x00007ff8f61f7c93 (Unity) MonoScriptManager::CollectGarbageIn
0x00007ff8f61f7948 (Unity) MonoScriptManager::CollectGarbage
0x00007ff8f6230c78 (Unity) MonoManager::FinalizeReload
0x00007ff8f775cd15 (Unity) ScriptingInitializer::FinalizeReload
0x00007ff8f77ac42f (Unity) AssetImportWorkerClient::ReloadScriptingDomain
0x00007ff8f7785ffc (Unity) <lambda_94302c41bc55323db1fed16712a08587>::operator()
0x00007ff8f7869c0e (Unity) asio::detail::completion_handler<core::mutable_function<void __cdecl(void)>,asio::io_context::basic_executor_type<std::allocator<void>,0> >::do_complete
0x00007ff8f785749a (Unity) asio::detail::win_iocp_io_context::do_one
0x00007ff8f7858804 (Unity) asio::detail::win_iocp_io_context::run
0x00007ff8f786822c (Unity) IOService::Run
0x00007ff8f77b0216 (Unity) RunAssetImportWorkerClientV2
0x00007ff8f77b02db (Unity) RunAssetImporterV2
0x00007ff8f6fb500a (Unity) Application::InitializeProject
0x00007ff8f75c2615 (Unity) UnityMain
0x00007ff7f5db2fba (Unity) __scrt_common_main_seh
0x00007ff978ce7374 (KERNEL32) BaseThreadInitThunk
0x00007ff979b5cc91 (ntdll) RtlUserThreadStart

Native extension for Android target not found
Native extension for UWP target not found
Native extension for WindowsStandalone target not found
Mono: successfully reloaded assembly
[Package Manager] Failed to launch server process. Reason: Unity was launched with the -noUpm command-line argument
[Package Manager] Unable to send message (not connected to server process).
[Package Manager] Cannot connect to Unity Package Manager local server
- Finished resetting the current domain, in  1.001 seconds
Domain Reload Profiling: 1710ms
	BeginReloadAssembly (207ms)
		ExecutionOrderSort (0ms)
		DisableScriptedObjects (10ms)
		BackupInstance (0ms)
		ReleaseScriptingObjects (0ms)
		CreateAndSetChildDomain (50ms)
	RebuildCommonClasses (31ms)
	RebuildNativeTypeToScriptingClass (13ms)
	initialDomainReloadingComplete (23ms)
	LoadAllAssembliesAndSetupDomain (434ms)
		LoadAssemblies (365ms)
		RebuildTransferFunctionScriptingTraits (0ms)
		AnalyzeDomain (184ms)
			TypeCache.Refresh (13ms)
				TypeCache.ScanAssembly (1ms)
			BuildScriptInfoCaches (163ms)
			ResolveRequiredComponents (5ms)
	FinalizeReload (1002ms)
		ReleaseScriptCaches (0ms)
		RebuildScriptCaches (0ms)
		SetupLoadedEditorAssemblies (569ms)
			LogAssemblyErrors (0ms)
			InitializePlatformSupportModulesInManaged (21ms)
			SetLoadedEditorAssemblies (4ms)
			BeforeProcessingInitializeOnLoad (46ms)
			ProcessInitializeOnLoadAttributes (309ms)
			ProcessInitializeOnLoadMethodAttributes (186ms)
			AfterProcessingInitializeOnLoad (2ms)
			EditorAssembliesLoaded (0ms)
		ExecutionOrderSort2 (0ms)
		AwakeInstancesAfterBackupRestoration (6ms)
Refreshing native plugins compatible for Editor in 3.84 ms, found 4 plugins.
Preloading 0 native plugins for Editor in 0.00 ms.
Unloading 0 Unused Serialized files (Serialized files now loaded: 0)
Unloading 4996 unused Assets / (1.3 MB). Loaded Objects now: 5578.
Memory consumption went from 115.6 MB to 114.3 MB.
Total: 6.219000 ms (FindLiveObjects: 0.376400 ms CreateObjectMapping: 0.329600 ms MarkObjects: 4.496100 ms  DeleteObjects: 1.015300 ms)

Prepare: number of updated asset objects reloaded= 0
Editor requested this worker to shutdown with reason: Scaling down because of idle timeout
AssetImportWorker is now disconnected from the server
Process exiting
Exiting without the bug reporter. Application will terminate with return code 0