Using pre-set license
Built from 'trunk' branch; Version is '6000.0.9f1 (1490908003ac) revision 1347728'; Using compiler version '193933523'; Build Type 'Release'
OS: 'Windows 11  (10.0.22631) 64bit Core' Language: 'en' Physical Memory: 16310 MB
BatchMode: 1, IsHumanControllingUs: 0, StartBugReporterOnCrash: 0, Is64bit: 1, IsPro: 1

COMMAND LINE ARGUMENTS:
C:\Program Files\Unity\Hub\Editor\6000.0.9f1\Editor\Unity.exe
-adb2
-batchMode
-noUpm
-name
AssetImportWorker1
-projectPath
C:/Users/oguzh/OneDrive/Masaüstü/BananaJump/BANANAJUMP
-logFile
Logs/AssetImportWorker1.log
-srvPort
53690
-job-worker-count
5
-background-job-worker-count
8
-asset-garbage-collectors
1
Successfully changed project path to: C:/Users/oguzh/OneDrive/Masaüstü/BananaJump/BANANAJUMP
C:/Users/oguzh/OneDrive/Masaüstü/BananaJump/BANANAJUMP
[UnityMemory] Configuration Parameters - Can be set up in boot.config
    "memorysetup-bucket-allocator-granularity=16"
    "memorysetup-bucket-allocator-bucket-count=8"
    "memorysetup-bucket-allocator-block-size=33554432"
    "memorysetup-bucket-allocator-block-count=8"
    "memorysetup-main-allocator-block-size=16777216"
    "memorysetup-thread-allocator-block-size=16777216"
    "memorysetup-gfx-main-allocator-block-size=16777216"
    "memorysetup-gfx-thread-allocator-block-size=16777216"
    "memorysetup-cache-allocator-block-size=4194304"
    "memorysetup-typetree-allocator-block-size=2097152"
    "memorysetup-profiler-bucket-allocator-granularity=16"
    "memorysetup-profiler-bucket-allocator-bucket-count=8"
    "memorysetup-profiler-bucket-allocator-block-size=33554432"
    "memorysetup-profiler-bucket-allocator-block-count=8"
    "memorysetup-profiler-allocator-block-size=16777216"
    "memorysetup-profiler-editor-allocator-block-size=1048576"
    "memorysetup-temp-allocator-size-main=16777216"
    "memorysetup-job-temp-allocator-block-size=2097152"
    "memorysetup-job-temp-allocator-block-size-background=1048576"
    "memorysetup-job-temp-allocator-reduction-small-platforms=262144"
    "memorysetup-allocator-temp-initial-block-size-main=262144"
    "memorysetup-allocator-temp-initial-block-size-worker=262144"
    "memorysetup-temp-allocator-size-background-worker=32768"
    "memorysetup-temp-allocator-size-job-worker=262144"
    "memorysetup-temp-allocator-size-preload-manager=33554432"
    "memorysetup-temp-allocator-size-nav-mesh-worker=65536"
    "memorysetup-temp-allocator-size-audio-worker=65536"
    "memorysetup-temp-allocator-size-cloud-worker=32768"
    "memorysetup-temp-allocator-size-gi-baking-worker=262144"
    "memorysetup-temp-allocator-size-gi-baking-worker=262144"
    "memorysetup-temp-allocator-size-gi-baking-worker=262144"
    "memorysetup-temp-allocator-size-gi-baking-worker=262144"
    "memorysetup-temp-allocator-size-gi-baking-worker=262144"
    "memorysetup-temp-allocator-size-gfx=262144"
Player connection [9312]  Target information:

Player connection [9312]  * "[IP] 192.168.1.61 [Port] 0 [Flags] 2 [Guid] 3463042896 [EditorId] 3463042896 [Version] 1048832 [Id] WindowsEditor(7,DESKTOP-O14C83C) [Debug] 1 [PackageName] WindowsEditor [ProjectName] Editor" 

Player connection [9312]  * "[IP] 169.254.59.32 [Port] 0 [Flags] 2 [Guid] 3463042896 [EditorId] 3463042896 [Version] 1048832 [Id] WindowsEditor(7,DESKTOP-O14C83C) [Debug] 1 [PackageName] WindowsEditor [ProjectName] Editor" 

Player connection [9312]  * "[IP] 192.168.1.20 [Port] 0 [Flags] 2 [Guid] 3463042896 [EditorId] 3463042896 [Version] 1048832 [Id] WindowsEditor(7,DESKTOP-O14C83C) [Debug] 1 [PackageName] WindowsEditor [ProjectName] Editor" 

Player connection [9312] Host joined multi-casting on [225.0.0.222:54997]...
Player connection [9312] Host joined alternative multi-casting on [225.0.0.222:34997]...
JobSystem: Creating JobQueue using job-worker-count value 5
Library Redirect Path: Library/
[PhysX] Initialized MultithreadedTaskDispatcher with 6 workers.
Refreshing native plugins compatible for Editor in 16.14 ms, found 4 plugins.
Preloading 0 native plugins for Editor in 0.00 ms.
Initialize engine version: 6000.0.9f1 (1490908003ac)
[Subsystems] Discovering subsystems at path C:/Program Files/Unity/Hub/Editor/6000.0.9f1/Editor/Data/Resources/UnitySubsystems
[Subsystems] Discovering subsystems at path C:/Users/oguzh/OneDrive/Masaüstü/BananaJump/BANANAJUMP/Assets
GfxDevice: creating device client; kGfxThreadingModeNonThreaded
Direct3D:
    Version:  Direct3D 11.0 [level 11.1]
    Renderer: NVIDIA GeForce RTX 3060 Ti (ID=0x2486)
    Vendor:   NVIDIA
    VRAM:     8024 MB
    Driver:   32.0.15.6070
Initialize mono
Mono path[0] = 'C:/Program Files/Unity/Hub/Editor/6000.0.9f1/Editor/Data/Managed'
Mono path[1] = 'C:/Program Files/Unity/Hub/Editor/6000.0.9f1/Editor/Data/MonoBleedingEdge/lib/mono/unityjit-win32'
Mono config path = 'C:/Program Files/Unity/Hub/Editor/6000.0.9f1/Editor/Data/MonoBleedingEdge/etc'
Using monoOptions --debugger-agent=transport=dt_socket,embedding=1,server=y,suspend=n,address=127.0.0.1:56568
Begin MonoManager ReloadAssembly
Registering precompiled unity dll's ...
Register platform support module: C:/Program Files/Unity/Hub/Editor/6000.0.9f1/Editor/Data/PlaybackEngines/WindowsStandaloneSupport/UnityEditor.WindowsStandalone.Extensions.dll
Register platform support module: C:/Program Files/Unity/Hub/Editor/6000.0.9f1/Editor/Data/PlaybackEngines/AndroidPlayer/UnityEditor.Android.Extensions.dll
Registered in 0.005953 seconds.
- Loaded All Assemblies, in  0.801 seconds
Native extension for Android target not found
Unauthorized device detected, Id: RFCT70BGJYB, please add debug authorization and reconnect.
0x00007ffe132a5e6d (Unity) StackWalker::ShowCallstack
0x00007ffe132b5dc9 (Unity) PlatformStacktrace::GetStacktrace
0x00007ffe1451823e (Unity) Stacktrace::GetStacktrace
0x00007ffe14abf7ff (Unity) DebugStringToFile
0x00007ffe12366b35 (Unity) DebugLogHandler_CUSTOM_Internal_Log
0x000001be9047a7ed (Mono JIT Code) (wrapper managed-to-native) UnityEngine.DebugLogHandler:Internal_Log_Injected (UnityEngine.LogType,UnityEngine.LogOption,UnityEngine.Bindings.ManagedSpanWrapper&,intptr)
0x000001be9047a6b3 (Mono JIT Code) UnityEngine.DebugLogHandler:Internal_Log (UnityEngine.LogType,UnityEngine.LogOption,string,UnityEngine.Object)
0x000001be90478a3b (Mono JIT Code) UnityEngine.DebugLogHandler:LogFormat (UnityEngine.LogType,UnityEngine.Object,string,object[])
0x000001be90478901 (Mono JIT Code) UnityEngine.Logger:LogFormat (UnityEngine.LogType,string,object[])
0x000001be90478633 (Mono JIT Code) UnityEngine.Debug:LogFormat (string,object[])
0x000001be90231c03 (Mono JIT Code) UnityEditor.Android.AndroidDeploymentTargetsExtension:GetKnownTargets (UnityEditor.DeploymentTargets.IDeploymentTargetsMainThreadContext,UnityEditor.ProgressHandler)
0x000001be9023011c (Mono JIT Code) UnityEditor.Android.TargetScanWorker:ScanSync ()
0x000001be90219043 (Mono JIT Code) UnityEditor.Android.TargetExtension:OnUsbDevicesChanged (UnityEditor.Hardware.UsbDevice[])
0x000001be900ef923 (Mono JIT Code) UnityEditor.Android.TargetExtension:OnLoad ()
0x000001be8eb42e6d (Mono JIT Code) UnityEditor.Modules.ModuleManager:InitializePlatformSupportModules ()
0x000001be8db10085 (Mono JIT Code) (wrapper runtime-invoke) object:runtime_invoke_void (object,intptr,intptr,intptr)
0x00007ffdff98694e (mono-2.0-bdwgc) mono_jit_runtime_invoke (at C:/build/output/Unity-Technologies/mono/mono/mini/mini-runtime.c:3445)
0x00007ffdff8c8444 (mono-2.0-bdwgc) do_runtime_invoke (at C:/build/output/Unity-Technologies/mono/mono/metadata/object.c:3068)
0x00007ffdff8c8530 (mono-2.0-bdwgc) mono_runtime_invoke (at C:/build/output/Unity-Technologies/mono/mono/metadata/object.c:3115)
0x00007ffe131cab94 (Unity) scripting_method_invoke
0x00007ffe131a2d53 (Unity) ScriptingInvocation::Invoke
0x00007ffe1319ded5 (Unity) ScriptingInvocation::Invoke<void>
0x00007ffe1331011b (Unity) Scripting::UnityEditor::Modules::ModuleManagerProxy::InitializePlatformSupportModules
0x00007ffe13199345 (Unity) MonoManager::SetupLoadedEditorAssemblies
0x00007ffe13190cba (Unity) MonoManager::FinalizeReload
0x00007ffe13196d33 (Unity) MonoManager::ReloadAssembly
0x00007ffe143bfa56 (Unity) LoadUnityMonoAssemblies
0x00007ffe13f14fed (Unity) Application::InitializeProject
0x00007ffe14522615 (Unity) UnityMain
0x00007ff603072fba (Unity) __scrt_common_main_seh
0x00007ffec5d8257d (KERNEL32) BaseThreadInitThunk
0x00007ffec786af28 (ntdll) RtlUserThreadStart

Android Extension - Scanning For ADB Devices 1343 ms
Native extension for WindowsStandalone target not found
Mono: successfully reloaded assembly
- Finished resetting the current domain, in  2.200 seconds
Domain Reload Profiling: 2996ms
	BeginReloadAssembly (311ms)
		ExecutionOrderSort (0ms)
		DisableScriptedObjects (0ms)
		BackupInstance (0ms)
		ReleaseScriptingObjects (0ms)
		CreateAndSetChildDomain (1ms)
	RebuildCommonClasses (98ms)
	RebuildNativeTypeToScriptingClass (28ms)
	initialDomainReloadingComplete (81ms)
	LoadAllAssembliesAndSetupDomain (277ms)
		LoadAssemblies (308ms)
		RebuildTransferFunctionScriptingTraits (0ms)
		AnalyzeDomain (271ms)
			TypeCache.Refresh (270ms)
				TypeCache.ScanAssembly (249ms)
			BuildScriptInfoCaches (0ms)
			ResolveRequiredComponents (0ms)
	FinalizeReload (2201ms)
		ReleaseScriptCaches (0ms)
		RebuildScriptCaches (0ms)
		SetupLoadedEditorAssemblies (2151ms)
			LogAssemblyErrors (0ms)
			InitializePlatformSupportModulesInManaged (1538ms)
			SetLoadedEditorAssemblies (14ms)
			BeforeProcessingInitializeOnLoad (15ms)
			ProcessInitializeOnLoadAttributes (262ms)
			ProcessInitializeOnLoadMethodAttributes (322ms)
			AfterProcessingInitializeOnLoad (0ms)
			EditorAssembliesLoaded (0ms)
		ExecutionOrderSort2 (0ms)
		AwakeInstancesAfterBackupRestoration (0ms)
========================================================================
Worker process is ready to serve import requests
Import Worker Mode flag is 0x00
Begin MonoManager ReloadAssembly
- Loaded All Assemblies, in  2.181 seconds
Refreshing native plugins compatible for Editor in 9.85 ms, found 4 plugins.
Native extension for Android target not found
Native extension for WindowsStandalone target not found
Mono: successfully reloaded assembly
Package Manager log level set to [2]
[Package Manager] Failed to launch server process. Reason: Unity was launched with the -noUpm command-line argument
[Package Manager] Unable to send message (not connected to server process).
[Package Manager] Cannot connect to Unity Package Manager local server
[Package Manager] Failed to launch server process. Reason: Unity was launched with the -noUpm command-line argument
[Package Manager] Unable to send message (not connected to server process).
[Package Manager] Cannot connect to Unity Package Manager local server
- Finished resetting the current domain, in  2.027 seconds
Domain Reload Profiling: 4196ms
	BeginReloadAssembly (811ms)
		ExecutionOrderSort (0ms)
		DisableScriptedObjects (22ms)
		BackupInstance (0ms)
		ReleaseScriptingObjects (0ms)
		CreateAndSetChildDomain (58ms)
	RebuildCommonClasses (114ms)
	RebuildNativeTypeToScriptingClass (35ms)
	initialDomainReloadingComplete (80ms)
	LoadAllAssembliesAndSetupDomain (1128ms)
		LoadAssemblies (829ms)
		RebuildTransferFunctionScriptingTraits (0ms)
		AnalyzeDomain (541ms)
			TypeCache.Refresh (357ms)
				TypeCache.ScanAssembly (315ms)
			BuildScriptInfoCaches (167ms)
			ResolveRequiredComponents (12ms)
	FinalizeReload (2028ms)
		ReleaseScriptCaches (0ms)
		RebuildScriptCaches (0ms)
		SetupLoadedEditorAssemblies (1588ms)
			LogAssemblyErrors (0ms)
			InitializePlatformSupportModulesInManaged (46ms)
			SetLoadedEditorAssemblies (18ms)
			BeforeProcessingInitializeOnLoad (207ms)
			ProcessInitializeOnLoadAttributes (917ms)
			ProcessInitializeOnLoadMethodAttributes (388ms)
			AfterProcessingInitializeOnLoad (12ms)
			EditorAssembliesLoaded (0ms)
		ExecutionOrderSort2 (0ms)
		AwakeInstancesAfterBackupRestoration (16ms)
Launched and connected shader compiler UnityShaderCompiler.exe after 0.03 seconds
Refreshing native plugins compatible for Editor in 22.56 ms, found 4 plugins.
Preloading 0 native plugins for Editor in 0.00 ms.
Unloading 15 Unused Serialized files (Serialized files now loaded: 0)
Unloading 4998 unused Assets / (1.2 MB). Loaded Objects now: 5565.
Memory consumption went from 117.9 MB to 116.7 MB.
Total: 24.785200 ms (FindLiveObjects: 1.559700 ms CreateObjectMapping: 1.198500 ms MarkObjects: 10.402200 ms  DeleteObjects: 11.622700 ms)

========================================================================
Received Prepare
Refreshing native plugins compatible for Editor in 11.80 ms, found 4 plugins.
Preloading 0 native plugins for Editor in 0.00 ms.
Unloading 0 Unused Serialized files (Serialized files now loaded: 0)
Unloading 0 unused Assets / (0 B). Loaded Objects now: 5565.
Memory consumption went from 108.7 MB to 108.7 MB.
Total: 7.335600 ms (FindLiveObjects: 0.463600 ms CreateObjectMapping: 0.155800 ms MarkObjects: 6.693200 ms  DeleteObjects: 0.021200 ms)

Prepare: number of updated asset objects reloaded= 0
AssetImportParameters requested are different than current active one (requested -> active):
0x00007ffe132a5e6d (Unity) StackWalker::ShowCallstack
0x00007ffe132b5dc9 (Unity) PlatformStacktrace::GetStacktrace
0x00007ffe1451823e (Unity) Stacktrace::GetStacktrace
0x00007ffe14abf7ff (Unity) DebugStringToFile
0x00007ffe14715f06 (Unity) VerifyAssetImportParametersConsistency
0x00007ffe146e6215 (Unity) <lambda_94302c41bc55323db1fed16712a08587>::operator()
0x00007ffe147c9c0e (Unity) asio::detail::completion_handler<core::mutable_function<void __cdecl(void)>,asio::io_context::basic_executor_type<std::allocator<void>,0> >::do_complete
0x00007ffe147b749a (Unity) asio::detail::win_iocp_io_context::do_one
0x00007ffe147b8804 (Unity) asio::detail::win_iocp_io_context::run
0x00007ffe147c822c (Unity) IOService::Run
0x00007ffe14710216 (Unity) RunAssetImportWorkerClientV2
0x00007ffe147102db (Unity) RunAssetImporterV2
0x00007ffe13f1500a (Unity) Application::InitializeProject
0x00007ffe14522615 (Unity) UnityMain
0x00007ff603072fba (Unity) __scrt_common_main_seh
0x00007ffec5d8257d (KERNEL32) BaseThreadInitThunk
0x00007ffec786af28 (ntdll) RtlUserThreadStart

  buildTarget: platform 13, subtarget 0, extendedPlatform 0 -> platform 19, subtarget 2, extendedPlatform 0
0x00007ffe132a5e6d (Unity) StackWalker::ShowCallstack
0x00007ffe132b5dc9 (Unity) PlatformStacktrace::GetStacktrace
0x00007ffe1451823e (Unity) Stacktrace::GetStacktrace
0x00007ffe14abf7ff (Unity) DebugStringToFile
0x00007ffe14715fe2 (Unity) VerifyAssetImportParametersConsistency
0x00007ffe146e6215 (Unity) <lambda_94302c41bc55323db1fed16712a08587>::operator()
0x00007ffe147c9c0e (Unity) asio::detail::completion_handler<core::mutable_function<void __cdecl(void)>,asio::io_context::basic_executor_type<std::allocator<void>,0> >::do_complete
0x00007ffe147b749a (Unity) asio::detail::win_iocp_io_context::do_one
0x00007ffe147b8804 (Unity) asio::detail::win_iocp_io_context::run
0x00007ffe147c822c (Unity) IOService::Run
0x00007ffe14710216 (Unity) RunAssetImportWorkerClientV2
0x00007ffe147102db (Unity) RunAssetImporterV2
0x00007ffe13f1500a (Unity) Application::InitializeProject
0x00007ffe14522615 (Unity) UnityMain
0x00007ff603072fba (Unity) __scrt_common_main_seh
0x00007ffec5d8257d (KERNEL32) BaseThreadInitThunk
0x00007ffec786af28 (ntdll) RtlUserThreadStart

  graphicsApiMask: 2099200 -> 4
0x00007ffe132a5e6d (Unity) StackWalker::ShowCallstack
0x00007ffe132b5dc9 (Unity) PlatformStacktrace::GetStacktrace
0x00007ffe1451823e (Unity) Stacktrace::GetStacktrace
0x00007ffe14abf7ff (Unity) DebugStringToFile
0x00007ffe14715fe2 (Unity) VerifyAssetImportParametersConsistency
0x00007ffe146e6215 (Unity) <lambda_94302c41bc55323db1fed16712a08587>::operator()
0x00007ffe147c9c0e (Unity) asio::detail::completion_handler<core::mutable_function<void __cdecl(void)>,asio::io_context::basic_executor_type<std::allocator<void>,0> >::do_complete
0x00007ffe147b749a (Unity) asio::detail::win_iocp_io_context::do_one
0x00007ffe147b8804 (Unity) asio::detail::win_iocp_io_context::run
0x00007ffe147c822c (Unity) IOService::Run
0x00007ffe14710216 (Unity) RunAssetImportWorkerClientV2
0x00007ffe147102db (Unity) RunAssetImporterV2
0x00007ffe13f1500a (Unity) Application::InitializeProject
0x00007ffe14522615 (Unity) UnityMain
0x00007ff603072fba (Unity) __scrt_common_main_seh
0x00007ffec5d8257d (KERNEL32) BaseThreadInitThunk
0x00007ffec786af28 (ntdll) RtlUserThreadStart

========================================================================
Received Prepare
Refreshing native plugins compatible for Editor in 12.48 ms, found 4 plugins.
Preloading 0 native plugins for Editor in 0.00 ms.
Unloading 0 Unused Serialized files (Serialized files now loaded: 0)
Unloading 0 unused Assets / (0 B). Loaded Objects now: 5565.
Memory consumption went from 108.7 MB to 108.7 MB.
Total: 8.288300 ms (FindLiveObjects: 0.887500 ms CreateObjectMapping: 0.202300 ms MarkObjects: 7.186500 ms  DeleteObjects: 0.010500 ms)

Prepare: number of updated asset objects reloaded= 0
AssetImportParameters requested are different than current active one (requested -> active):
0x00007ffe132a5e6d (Unity) StackWalker::ShowCallstack
0x00007ffe132b5dc9 (Unity) PlatformStacktrace::GetStacktrace
0x00007ffe1451823e (Unity) Stacktrace::GetStacktrace
0x00007ffe14abf7ff (Unity) DebugStringToFile
0x00007ffe14715f06 (Unity) VerifyAssetImportParametersConsistency
0x00007ffe146e6215 (Unity) <lambda_94302c41bc55323db1fed16712a08587>::operator()
0x00007ffe147c9c0e (Unity) asio::detail::completion_handler<core::mutable_function<void __cdecl(void)>,asio::io_context::basic_executor_type<std::allocator<void>,0> >::do_complete
0x00007ffe147b749a (Unity) asio::detail::win_iocp_io_context::do_one
0x00007ffe147b8804 (Unity) asio::detail::win_iocp_io_context::run
0x00007ffe147c822c (Unity) IOService::Run
0x00007ffe14710216 (Unity) RunAssetImportWorkerClientV2
0x00007ffe147102db (Unity) RunAssetImporterV2
0x00007ffe13f1500a (Unity) Application::InitializeProject
0x00007ffe14522615 (Unity) UnityMain
0x00007ff603072fba (Unity) __scrt_common_main_seh
0x00007ffec5d8257d (KERNEL32) BaseThreadInitThunk
0x00007ffec786af28 (ntdll) RtlUserThreadStart

  buildTarget: platform 13, subtarget 0, extendedPlatform 0 -> platform 19, subtarget 2, extendedPlatform 0
0x00007ffe132a5e6d (Unity) StackWalker::ShowCallstack
0x00007ffe132b5dc9 (Unity) PlatformStacktrace::GetStacktrace
0x00007ffe1451823e (Unity) Stacktrace::GetStacktrace
0x00007ffe14abf7ff (Unity) DebugStringToFile
0x00007ffe14715fe2 (Unity) VerifyAssetImportParametersConsistency
0x00007ffe146e6215 (Unity) <lambda_94302c41bc55323db1fed16712a08587>::operator()
0x00007ffe147c9c0e (Unity) asio::detail::completion_handler<core::mutable_function<void __cdecl(void)>,asio::io_context::basic_executor_type<std::allocator<void>,0> >::do_complete
0x00007ffe147b749a (Unity) asio::detail::win_iocp_io_context::do_one
0x00007ffe147b8804 (Unity) asio::detail::win_iocp_io_context::run
0x00007ffe147c822c (Unity) IOService::Run
0x00007ffe14710216 (Unity) RunAssetImportWorkerClientV2
0x00007ffe147102db (Unity) RunAssetImporterV2
0x00007ffe13f1500a (Unity) Application::InitializeProject
0x00007ffe14522615 (Unity) UnityMain
0x00007ff603072fba (Unity) __scrt_common_main_seh
0x00007ffec5d8257d (KERNEL32) BaseThreadInitThunk
0x00007ffec786af28 (ntdll) RtlUserThreadStart

  graphicsApiMask: 2099200 -> 4
0x00007ffe132a5e6d (Unity) StackWalker::ShowCallstack
0x00007ffe132b5dc9 (Unity) PlatformStacktrace::GetStacktrace
0x00007ffe1451823e (Unity) Stacktrace::GetStacktrace
0x00007ffe14abf7ff (Unity) DebugStringToFile
0x00007ffe14715fe2 (Unity) VerifyAssetImportParametersConsistency
0x00007ffe146e6215 (Unity) <lambda_94302c41bc55323db1fed16712a08587>::operator()
0x00007ffe147c9c0e (Unity) asio::detail::completion_handler<core::mutable_function<void __cdecl(void)>,asio::io_context::basic_executor_type<std::allocator<void>,0> >::do_complete
0x00007ffe147b749a (Unity) asio::detail::win_iocp_io_context::do_one
0x00007ffe147b8804 (Unity) asio::detail::win_iocp_io_context::run
0x00007ffe147c822c (Unity) IOService::Run
0x00007ffe14710216 (Unity) RunAssetImportWorkerClientV2
0x00007ffe147102db (Unity) RunAssetImporterV2
0x00007ffe13f1500a (Unity) Application::InitializeProject
0x00007ffe14522615 (Unity) UnityMain
0x00007ff603072fba (Unity) __scrt_common_main_seh
0x00007ffec5d8257d (KERNEL32) BaseThreadInitThunk
0x00007ffec786af28 (ntdll) RtlUserThreadStart

========================================================================
Received Prepare
Begin MonoManager ReloadAssembly
- Loaded All Assemblies, in  3.961 seconds
Refreshing native plugins compatible for Editor in 15.61 ms, found 4 plugins.
Native extension for Android target not found
Native extension for WindowsStandalone target not found
Mono: successfully reloaded assembly
[Package Manager] Failed to launch server process. Reason: Unity was launched with the -noUpm command-line argument
[Package Manager] Unable to send message (not connected to server process).
[Package Manager] Cannot connect to Unity Package Manager local server
- Finished resetting the current domain, in  2.006 seconds
Domain Reload Profiling: 5960ms
	BeginReloadAssembly (582ms)
		ExecutionOrderSort (0ms)
		DisableScriptedObjects (40ms)
		BackupInstance (0ms)
		ReleaseScriptingObjects (0ms)
		CreateAndSetChildDomain (177ms)
	RebuildCommonClasses (89ms)
	RebuildNativeTypeToScriptingClass (25ms)
	initialDomainReloadingComplete (53ms)
	LoadAllAssembliesAndSetupDomain (3204ms)
		LoadAssemblies (769ms)
		RebuildTransferFunctionScriptingTraits (0ms)
		AnalyzeDomain (2720ms)
			TypeCache.Refresh (234ms)
				TypeCache.ScanAssembly (215ms)
			BuildScriptInfoCaches (2447ms)
			ResolveRequiredComponents (22ms)
	FinalizeReload (2007ms)
		ReleaseScriptCaches (0ms)
		RebuildScriptCaches (0ms)
		SetupLoadedEditorAssemblies (1475ms)
			LogAssemblyErrors (0ms)
			InitializePlatformSupportModulesInManaged (34ms)
			SetLoadedEditorAssemblies (8ms)
			BeforeProcessingInitializeOnLoad (144ms)
			ProcessInitializeOnLoadAttributes (786ms)
			ProcessInitializeOnLoadMethodAttributes (490ms)
			AfterProcessingInitializeOnLoad (14ms)
			EditorAssembliesLoaded (0ms)
		ExecutionOrderSort2 (0ms)
		AwakeInstancesAfterBackupRestoration (22ms)
Refreshing native plugins compatible for Editor in 12.61 ms, found 4 plugins.
Preloading 0 native plugins for Editor in 0.00 ms.
Unloading 0 Unused Serialized files (Serialized files now loaded: 0)
Unloading 4996 unused Assets / (0.9 MB). Loaded Objects now: 5568.
Memory consumption went from 115.8 MB to 115.0 MB.
Total: 12.223100 ms (FindLiveObjects: 0.909200 ms CreateObjectMapping: 0.665300 ms MarkObjects: 8.002100 ms  DeleteObjects: 2.644400 ms)

Prepare: number of updated asset objects reloaded= 0
AssetImportParameters requested are different than current active one (requested -> active):
0x00007ffe132a5e6d (Unity) StackWalker::ShowCallstack
0x00007ffe132b5dc9 (Unity) PlatformStacktrace::GetStacktrace
0x00007ffe1451823e (Unity) Stacktrace::GetStacktrace
0x00007ffe14abf7ff (Unity) DebugStringToFile
0x00007ffe14715f06 (Unity) VerifyAssetImportParametersConsistency
0x00007ffe146e6215 (Unity) <lambda_94302c41bc55323db1fed16712a08587>::operator()
0x00007ffe147c9c0e (Unity) asio::detail::completion_handler<core::mutable_function<void __cdecl(void)>,asio::io_context::basic_executor_type<std::allocator<void>,0> >::do_complete
0x00007ffe147b749a (Unity) asio::detail::win_iocp_io_context::do_one
0x00007ffe147b8804 (Unity) asio::detail::win_iocp_io_context::run
0x00007ffe147c822c (Unity) IOService::Run
0x00007ffe14710216 (Unity) RunAssetImportWorkerClientV2
0x00007ffe147102db (Unity) RunAssetImporterV2
0x00007ffe13f1500a (Unity) Application::InitializeProject
0x00007ffe14522615 (Unity) UnityMain
0x00007ff603072fba (Unity) __scrt_common_main_seh
0x00007ffec5d8257d (KERNEL32) BaseThreadInitThunk
0x00007ffec786af28 (ntdll) RtlUserThreadStart

  buildTarget: platform 13, subtarget 0, extendedPlatform 0 -> platform 19, subtarget 2, extendedPlatform 0
0x00007ffe132a5e6d (Unity) StackWalker::ShowCallstack
0x00007ffe132b5dc9 (Unity) PlatformStacktrace::GetStacktrace
0x00007ffe1451823e (Unity) Stacktrace::GetStacktrace
0x00007ffe14abf7ff (Unity) DebugStringToFile
0x00007ffe14715fe2 (Unity) VerifyAssetImportParametersConsistency
0x00007ffe146e6215 (Unity) <lambda_94302c41bc55323db1fed16712a08587>::operator()
0x00007ffe147c9c0e (Unity) asio::detail::completion_handler<core::mutable_function<void __cdecl(void)>,asio::io_context::basic_executor_type<std::allocator<void>,0> >::do_complete
0x00007ffe147b749a (Unity) asio::detail::win_iocp_io_context::do_one
0x00007ffe147b8804 (Unity) asio::detail::win_iocp_io_context::run
0x00007ffe147c822c (Unity) IOService::Run
0x00007ffe14710216 (Unity) RunAssetImportWorkerClientV2
0x00007ffe147102db (Unity) RunAssetImporterV2
0x00007ffe13f1500a (Unity) Application::InitializeProject
0x00007ffe14522615 (Unity) UnityMain
0x00007ff603072fba (Unity) __scrt_common_main_seh
0x00007ffec5d8257d (KERNEL32) BaseThreadInitThunk
0x00007ffec786af28 (ntdll) RtlUserThreadStart

  graphicsApiMask: 2099200 -> 4
0x00007ffe132a5e6d (Unity) StackWalker::ShowCallstack
0x00007ffe132b5dc9 (Unity) PlatformStacktrace::GetStacktrace
0x00007ffe1451823e (Unity) Stacktrace::GetStacktrace
0x00007ffe14abf7ff (Unity) DebugStringToFile
0x00007ffe14715fe2 (Unity) VerifyAssetImportParametersConsistency
0x00007ffe146e6215 (Unity) <lambda_94302c41bc55323db1fed16712a08587>::operator()
0x00007ffe147c9c0e (Unity) asio::detail::completion_handler<core::mutable_function<void __cdecl(void)>,asio::io_context::basic_executor_type<std::allocator<void>,0> >::do_complete
0x00007ffe147b749a (Unity) asio::detail::win_iocp_io_context::do_one
0x00007ffe147b8804 (Unity) asio::detail::win_iocp_io_context::run
0x00007ffe147c822c (Unity) IOService::Run
0x00007ffe14710216 (Unity) RunAssetImportWorkerClientV2
0x00007ffe147102db (Unity) RunAssetImporterV2
0x00007ffe13f1500a (Unity) Application::InitializeProject
0x00007ffe14522615 (Unity) UnityMain
0x00007ff603072fba (Unity) __scrt_common_main_seh
0x00007ffec5d8257d (KERNEL32) BaseThreadInitThunk
0x00007ffec786af28 (ntdll) RtlUserThreadStart

========================================================================
Received Prepare
Begin MonoManager ReloadAssembly
- Loaded All Assemblies, in  4.412 seconds
Refreshing native plugins compatible for Editor in 11.22 ms, found 4 plugins.
Native extension for Android target not found
Native extension for WindowsStandalone target not found
Mono: successfully reloaded assembly
[Package Manager] Failed to launch server process. Reason: Unity was launched with the -noUpm command-line argument
[Package Manager] Unable to send message (not connected to server process).
[Package Manager] Cannot connect to Unity Package Manager local server
- Finished resetting the current domain, in  1.654 seconds
Domain Reload Profiling: 6064ms
	BeginReloadAssembly (586ms)
		ExecutionOrderSort (0ms)
		DisableScriptedObjects (18ms)
		BackupInstance (0ms)
		ReleaseScriptingObjects (0ms)
		CreateAndSetChildDomain (69ms)
	RebuildCommonClasses (167ms)
	RebuildNativeTypeToScriptingClass (20ms)
	initialDomainReloadingComplete (39ms)
	LoadAllAssembliesAndSetupDomain (3598ms)
		LoadAssemblies (3714ms)
		RebuildTransferFunctionScriptingTraits (0ms)
		AnalyzeDomain (331ms)
			TypeCache.Refresh (13ms)
				TypeCache.ScanAssembly (0ms)
			BuildScriptInfoCaches (304ms)
			ResolveRequiredComponents (9ms)
	FinalizeReload (1654ms)
		ReleaseScriptCaches (0ms)
		RebuildScriptCaches (0ms)
		SetupLoadedEditorAssemblies (1226ms)
			LogAssemblyErrors (0ms)
			InitializePlatformSupportModulesInManaged (36ms)
			SetLoadedEditorAssemblies (6ms)
			BeforeProcessingInitializeOnLoad (153ms)
			ProcessInitializeOnLoadAttributes (628ms)
			ProcessInitializeOnLoadMethodAttributes (393ms)
			AfterProcessingInitializeOnLoad (10ms)
			EditorAssembliesLoaded (0ms)
		ExecutionOrderSort2 (0ms)
		AwakeInstancesAfterBackupRestoration (12ms)
Refreshing native plugins compatible for Editor in 8.86 ms, found 4 plugins.
Preloading 0 native plugins for Editor in 0.00 ms.
Unloading 0 Unused Serialized files (Serialized files now loaded: 0)
Unloading 4996 unused Assets / (1.0 MB). Loaded Objects now: 5570.
Memory consumption went from 115.9 MB to 114.9 MB.
Total: 21.124600 ms (FindLiveObjects: 1.067100 ms CreateObjectMapping: 6.732000 ms MarkObjects: 11.278000 ms  DeleteObjects: 2.045800 ms)

Prepare: number of updated asset objects reloaded= 0
AssetImportParameters requested are different than current active one (requested -> active):
0x00007ffe132a5e6d (Unity) StackWalker::ShowCallstack
0x00007ffe132b5dc9 (Unity) PlatformStacktrace::GetStacktrace
0x00007ffe1451823e (Unity) Stacktrace::GetStacktrace
0x00007ffe14abf7ff (Unity) DebugStringToFile
0x00007ffe14715f06 (Unity) VerifyAssetImportParametersConsistency
0x00007ffe146e6215 (Unity) <lambda_94302c41bc55323db1fed16712a08587>::operator()
0x00007ffe147c9c0e (Unity) asio::detail::completion_handler<core::mutable_function<void __cdecl(void)>,asio::io_context::basic_executor_type<std::allocator<void>,0> >::do_complete
0x00007ffe147b749a (Unity) asio::detail::win_iocp_io_context::do_one
0x00007ffe147b8804 (Unity) asio::detail::win_iocp_io_context::run
0x00007ffe147c822c (Unity) IOService::Run
0x00007ffe14710216 (Unity) RunAssetImportWorkerClientV2
0x00007ffe147102db (Unity) RunAssetImporterV2
0x00007ffe13f1500a (Unity) Application::InitializeProject
0x00007ffe14522615 (Unity) UnityMain
0x00007ff603072fba (Unity) __scrt_common_main_seh
0x00007ffec5d8257d (KERNEL32) BaseThreadInitThunk
0x00007ffec786af28 (ntdll) RtlUserThreadStart

  buildTarget: platform 13, subtarget 0, extendedPlatform 0 -> platform 19, subtarget 2, extendedPlatform 0
0x00007ffe132a5e6d (Unity) StackWalker::ShowCallstack
0x00007ffe132b5dc9 (Unity) PlatformStacktrace::GetStacktrace
0x00007ffe1451823e (Unity) Stacktrace::GetStacktrace
0x00007ffe14abf7ff (Unity) DebugStringToFile
0x00007ffe14715fe2 (Unity) VerifyAssetImportParametersConsistency
0x00007ffe146e6215 (Unity) <lambda_94302c41bc55323db1fed16712a08587>::operator()
0x00007ffe147c9c0e (Unity) asio::detail::completion_handler<core::mutable_function<void __cdecl(void)>,asio::io_context::basic_executor_type<std::allocator<void>,0> >::do_complete
0x00007ffe147b749a (Unity) asio::detail::win_iocp_io_context::do_one
0x00007ffe147b8804 (Unity) asio::detail::win_iocp_io_context::run
0x00007ffe147c822c (Unity) IOService::Run
0x00007ffe14710216 (Unity) RunAssetImportWorkerClientV2
0x00007ffe147102db (Unity) RunAssetImporterV2
0x00007ffe13f1500a (Unity) Application::InitializeProject
0x00007ffe14522615 (Unity) UnityMain
0x00007ff603072fba (Unity) __scrt_common_main_seh
0x00007ffec5d8257d (KERNEL32) BaseThreadInitThunk
0x00007ffec786af28 (ntdll) RtlUserThreadStart

  graphicsApiMask: 2099200 -> 4
0x00007ffe132a5e6d (Unity) StackWalker::ShowCallstack
0x00007ffe132b5dc9 (Unity) PlatformStacktrace::GetStacktrace
0x00007ffe1451823e (Unity) Stacktrace::GetStacktrace
0x00007ffe14abf7ff (Unity) DebugStringToFile
0x00007ffe14715fe2 (Unity) VerifyAssetImportParametersConsistency
0x00007ffe146e6215 (Unity) <lambda_94302c41bc55323db1fed16712a08587>::operator()
0x00007ffe147c9c0e (Unity) asio::detail::completion_handler<core::mutable_function<void __cdecl(void)>,asio::io_context::basic_executor_type<std::allocator<void>,0> >::do_complete
0x00007ffe147b749a (Unity) asio::detail::win_iocp_io_context::do_one
0x00007ffe147b8804 (Unity) asio::detail::win_iocp_io_context::run
0x00007ffe147c822c (Unity) IOService::Run
0x00007ffe14710216 (Unity) RunAssetImportWorkerClientV2
0x00007ffe147102db (Unity) RunAssetImporterV2
0x00007ffe13f1500a (Unity) Application::InitializeProject
0x00007ffe14522615 (Unity) UnityMain
0x00007ff603072fba (Unity) __scrt_common_main_seh
0x00007ffec5d8257d (KERNEL32) BaseThreadInitThunk
0x00007ffec786af28 (ntdll) RtlUserThreadStart

========================================================================
Received Prepare
Begin MonoManager ReloadAssembly
- Loaded All Assemblies, in  1.125 seconds
Refreshing native plugins compatible for Editor in 12.46 ms, found 4 plugins.
Native extension for Android target not found
Native extension for WindowsStandalone target not found
Mono: successfully reloaded assembly
[Package Manager] Failed to launch server process. Reason: Unity was launched with the -noUpm command-line argument
[Package Manager] Unable to send message (not connected to server process).
[Package Manager] Cannot connect to Unity Package Manager local server
- Finished resetting the current domain, in  1.493 seconds
Domain Reload Profiling: 2613ms
	BeginReloadAssembly (317ms)
		ExecutionOrderSort (0ms)
		DisableScriptedObjects (28ms)
		BackupInstance (0ms)
		ReleaseScriptingObjects (0ms)
		CreateAndSetChildDomain (56ms)
	RebuildCommonClasses (50ms)
	RebuildNativeTypeToScriptingClass (22ms)
	initialDomainReloadingComplete (43ms)
	LoadAllAssembliesAndSetupDomain (688ms)
		LoadAssemblies (582ms)
		RebuildTransferFunctionScriptingTraits (0ms)
		AnalyzeDomain (287ms)
			TypeCache.Refresh (11ms)
				TypeCache.ScanAssembly (0ms)
			BuildScriptInfoCaches (255ms)
			ResolveRequiredComponents (15ms)
	FinalizeReload (1493ms)
		ReleaseScriptCaches (0ms)
		RebuildScriptCaches (0ms)
		SetupLoadedEditorAssemblies (1022ms)
			LogAssemblyErrors (0ms)
			InitializePlatformSupportModulesInManaged (34ms)
			SetLoadedEditorAssemblies (5ms)
			BeforeProcessingInitializeOnLoad (96ms)
			ProcessInitializeOnLoadAttributes (535ms)
			ProcessInitializeOnLoadMethodAttributes (346ms)
			AfterProcessingInitializeOnLoad (6ms)
			EditorAssembliesLoaded (0ms)
		ExecutionOrderSort2 (0ms)
		AwakeInstancesAfterBackupRestoration (11ms)
Refreshing native plugins compatible for Editor in 7.49 ms, found 4 plugins.
Preloading 0 native plugins for Editor in 0.00 ms.
Unloading 0 Unused Serialized files (Serialized files now loaded: 0)
Unloading 4996 unused Assets / (1.1 MB). Loaded Objects now: 5572.
Memory consumption went from 115.9 MB to 114.8 MB.
Total: 11.056600 ms (FindLiveObjects: 1.590400 ms CreateObjectMapping: 1.231600 ms MarkObjects: 6.871000 ms  DeleteObjects: 1.361900 ms)

Prepare: number of updated asset objects reloaded= 0
AssetImportParameters requested are different than current active one (requested -> active):
0x00007ffe132a5e6d (Unity) StackWalker::ShowCallstack
0x00007ffe132b5dc9 (Unity) PlatformStacktrace::GetStacktrace
0x00007ffe1451823e (Unity) Stacktrace::GetStacktrace
0x00007ffe14abf7ff (Unity) DebugStringToFile
0x00007ffe14715f06 (Unity) VerifyAssetImportParametersConsistency
0x00007ffe146e6215 (Unity) <lambda_94302c41bc55323db1fed16712a08587>::operator()
0x00007ffe147c9c0e (Unity) asio::detail::completion_handler<core::mutable_function<void __cdecl(void)>,asio::io_context::basic_executor_type<std::allocator<void>,0> >::do_complete
0x00007ffe147b749a (Unity) asio::detail::win_iocp_io_context::do_one
0x00007ffe147b8804 (Unity) asio::detail::win_iocp_io_context::run
0x00007ffe147c822c (Unity) IOService::Run
0x00007ffe14710216 (Unity) RunAssetImportWorkerClientV2
0x00007ffe147102db (Unity) RunAssetImporterV2
0x00007ffe13f1500a (Unity) Application::InitializeProject
0x00007ffe14522615 (Unity) UnityMain
0x00007ff603072fba (Unity) __scrt_common_main_seh
0x00007ffec5d8257d (KERNEL32) BaseThreadInitThunk
0x00007ffec786af28 (ntdll) RtlUserThreadStart

  buildTarget: platform 13, subtarget 0, extendedPlatform 0 -> platform 19, subtarget 2, extendedPlatform 0
0x00007ffe132a5e6d (Unity) StackWalker::ShowCallstack
0x00007ffe132b5dc9 (Unity) PlatformStacktrace::GetStacktrace
0x00007ffe1451823e (Unity) Stacktrace::GetStacktrace
0x00007ffe14abf7ff (Unity) DebugStringToFile
0x00007ffe14715fe2 (Unity) VerifyAssetImportParametersConsistency
0x00007ffe146e6215 (Unity) <lambda_94302c41bc55323db1fed16712a08587>::operator()
0x00007ffe147c9c0e (Unity) asio::detail::completion_handler<core::mutable_function<void __cdecl(void)>,asio::io_context::basic_executor_type<std::allocator<void>,0> >::do_complete
0x00007ffe147b749a (Unity) asio::detail::win_iocp_io_context::do_one
0x00007ffe147b8804 (Unity) asio::detail::win_iocp_io_context::run
0x00007ffe147c822c (Unity) IOService::Run
0x00007ffe14710216 (Unity) RunAssetImportWorkerClientV2
0x00007ffe147102db (Unity) RunAssetImporterV2
0x00007ffe13f1500a (Unity) Application::InitializeProject
0x00007ffe14522615 (Unity) UnityMain
0x00007ff603072fba (Unity) __scrt_common_main_seh
0x00007ffec5d8257d (KERNEL32) BaseThreadInitThunk
0x00007ffec786af28 (ntdll) RtlUserThreadStart

  graphicsApiMask: 2099200 -> 4
0x00007ffe132a5e6d (Unity) StackWalker::ShowCallstack
0x00007ffe132b5dc9 (Unity) PlatformStacktrace::GetStacktrace
0x00007ffe1451823e (Unity) Stacktrace::GetStacktrace
0x00007ffe14abf7ff (Unity) DebugStringToFile
0x00007ffe14715fe2 (Unity) VerifyAssetImportParametersConsistency
0x00007ffe146e6215 (Unity) <lambda_94302c41bc55323db1fed16712a08587>::operator()
0x00007ffe147c9c0e (Unity) asio::detail::completion_handler<core::mutable_function<void __cdecl(void)>,asio::io_context::basic_executor_type<std::allocator<void>,0> >::do_complete
0x00007ffe147b749a (Unity) asio::detail::win_iocp_io_context::do_one
0x00007ffe147b8804 (Unity) asio::detail::win_iocp_io_context::run
0x00007ffe147c822c (Unity) IOService::Run
0x00007ffe14710216 (Unity) RunAssetImportWorkerClientV2
0x00007ffe147102db (Unity) RunAssetImporterV2
0x00007ffe13f1500a (Unity) Application::InitializeProject
0x00007ffe14522615 (Unity) UnityMain
0x00007ff603072fba (Unity) __scrt_common_main_seh
0x00007ffec5d8257d (KERNEL32) BaseThreadInitThunk
0x00007ffec786af28 (ntdll) RtlUserThreadStart

========================================================================
Received Prepare
Begin MonoManager ReloadAssembly
- Loaded All Assemblies, in  1.151 seconds
Refreshing native plugins compatible for Editor in 10.33 ms, found 4 plugins.
Native extension for Android target not found
Native extension for WindowsStandalone target not found
Mono: successfully reloaded assembly
[Package Manager] Failed to launch server process. Reason: Unity was launched with the -noUpm command-line argument
[Package Manager] Unable to send message (not connected to server process).
[Package Manager] Cannot connect to Unity Package Manager local server
- Finished resetting the current domain, in  1.583 seconds
Domain Reload Profiling: 2729ms
	BeginReloadAssembly (288ms)
		ExecutionOrderSort (0ms)
		DisableScriptedObjects (21ms)
		BackupInstance (0ms)
		ReleaseScriptingObjects (0ms)
		CreateAndSetChildDomain (67ms)
	RebuildCommonClasses (55ms)
	RebuildNativeTypeToScriptingClass (23ms)
	initialDomainReloadingComplete (36ms)
	LoadAllAssembliesAndSetupDomain (744ms)
		LoadAssemblies (599ms)
		RebuildTransferFunctionScriptingTraits (0ms)
		AnalyzeDomain (291ms)
			TypeCache.Refresh (10ms)
				TypeCache.ScanAssembly (0ms)
			BuildScriptInfoCaches (269ms)
			ResolveRequiredComponents (9ms)
	FinalizeReload (1584ms)
		ReleaseScriptCaches (0ms)
		RebuildScriptCaches (0ms)
		SetupLoadedEditorAssemblies (1181ms)
			LogAssemblyErrors (0ms)
			InitializePlatformSupportModulesInManaged (42ms)
			SetLoadedEditorAssemblies (7ms)
			BeforeProcessingInitializeOnLoad (126ms)
			ProcessInitializeOnLoadAttributes (592ms)
			ProcessInitializeOnLoadMethodAttributes (404ms)
			AfterProcessingInitializeOnLoad (9ms)
			EditorAssembliesLoaded (0ms)
		ExecutionOrderSort2 (0ms)
		AwakeInstancesAfterBackupRestoration (13ms)
Refreshing native plugins compatible for Editor in 19.45 ms, found 4 plugins.
Preloading 0 native plugins for Editor in 0.00 ms.
Unloading 0 Unused Serialized files (Serialized files now loaded: 0)
Unloading 4996 unused Assets / (1.4 MB). Loaded Objects now: 5574.
Memory consumption went from 115.9 MB to 114.4 MB.
Total: 12.732000 ms (FindLiveObjects: 0.850700 ms CreateObjectMapping: 0.763700 ms MarkObjects: 8.663700 ms  DeleteObjects: 2.452100 ms)

Prepare: number of updated asset objects reloaded= 0
AssetImportParameters requested are different than current active one (requested -> active):
0x00007ffe132a5e6d (Unity) StackWalker::ShowCallstack
0x00007ffe132b5dc9 (Unity) PlatformStacktrace::GetStacktrace
0x00007ffe1451823e (Unity) Stacktrace::GetStacktrace
0x00007ffe14abf7ff (Unity) DebugStringToFile
0x00007ffe14715f06 (Unity) VerifyAssetImportParametersConsistency
0x00007ffe146e6215 (Unity) <lambda_94302c41bc55323db1fed16712a08587>::operator()
0x00007ffe147c9c0e (Unity) asio::detail::completion_handler<core::mutable_function<void __cdecl(void)>,asio::io_context::basic_executor_type<std::allocator<void>,0> >::do_complete
0x00007ffe147b749a (Unity) asio::detail::win_iocp_io_context::do_one
0x00007ffe147b8804 (Unity) asio::detail::win_iocp_io_context::run
0x00007ffe147c822c (Unity) IOService::Run
0x00007ffe14710216 (Unity) RunAssetImportWorkerClientV2
0x00007ffe147102db (Unity) RunAssetImporterV2
0x00007ffe13f1500a (Unity) Application::InitializeProject
0x00007ffe14522615 (Unity) UnityMain
0x00007ff603072fba (Unity) __scrt_common_main_seh
0x00007ffec5d8257d (KERNEL32) BaseThreadInitThunk
0x00007ffec786af28 (ntdll) RtlUserThreadStart

  buildTarget: platform 13, subtarget 0, extendedPlatform 0 -> platform 19, subtarget 2, extendedPlatform 0
0x00007ffe132a5e6d (Unity) StackWalker::ShowCallstack
0x00007ffe132b5dc9 (Unity) PlatformStacktrace::GetStacktrace
0x00007ffe1451823e (Unity) Stacktrace::GetStacktrace
0x00007ffe14abf7ff (Unity) DebugStringToFile
0x00007ffe14715fe2 (Unity) VerifyAssetImportParametersConsistency
0x00007ffe146e6215 (Unity) <lambda_94302c41bc55323db1fed16712a08587>::operator()
0x00007ffe147c9c0e (Unity) asio::detail::completion_handler<core::mutable_function<void __cdecl(void)>,asio::io_context::basic_executor_type<std::allocator<void>,0> >::do_complete
0x00007ffe147b749a (Unity) asio::detail::win_iocp_io_context::do_one
0x00007ffe147b8804 (Unity) asio::detail::win_iocp_io_context::run
0x00007ffe147c822c (Unity) IOService::Run
0x00007ffe14710216 (Unity) RunAssetImportWorkerClientV2
0x00007ffe147102db (Unity) RunAssetImporterV2
0x00007ffe13f1500a (Unity) Application::InitializeProject
0x00007ffe14522615 (Unity) UnityMain
0x00007ff603072fba (Unity) __scrt_common_main_seh
0x00007ffec5d8257d (KERNEL32) BaseThreadInitThunk
0x00007ffec786af28 (ntdll) RtlUserThreadStart

  graphicsApiMask: 2099200 -> 4
0x00007ffe132a5e6d (Unity) StackWalker::ShowCallstack
0x00007ffe132b5dc9 (Unity) PlatformStacktrace::GetStacktrace
0x00007ffe1451823e (Unity) Stacktrace::GetStacktrace
0x00007ffe14abf7ff (Unity) DebugStringToFile
0x00007ffe14715fe2 (Unity) VerifyAssetImportParametersConsistency
0x00007ffe146e6215 (Unity) <lambda_94302c41bc55323db1fed16712a08587>::operator()
0x00007ffe147c9c0e (Unity) asio::detail::completion_handler<core::mutable_function<void __cdecl(void)>,asio::io_context::basic_executor_type<std::allocator<void>,0> >::do_complete
0x00007ffe147b749a (Unity) asio::detail::win_iocp_io_context::do_one
0x00007ffe147b8804 (Unity) asio::detail::win_iocp_io_context::run
0x00007ffe147c822c (Unity) IOService::Run
0x00007ffe14710216 (Unity) RunAssetImportWorkerClientV2
0x00007ffe147102db (Unity) RunAssetImporterV2
0x00007ffe13f1500a (Unity) Application::InitializeProject
0x00007ffe14522615 (Unity) UnityMain
0x00007ff603072fba (Unity) __scrt_common_main_seh
0x00007ffec5d8257d (KERNEL32) BaseThreadInitThunk
0x00007ffec786af28 (ntdll) RtlUserThreadStart

========================================================================
Received Prepare
Begin MonoManager ReloadAssembly
- Loaded All Assemblies, in  1.322 seconds
Refreshing native plugins compatible for Editor in 19.93 ms, found 4 plugins.
Native extension for Android target not found
Native extension for WindowsStandalone target not found
Mono: successfully reloaded assembly
[Package Manager] Failed to launch server process. Reason: Unity was launched with the -noUpm command-line argument
[Package Manager] Unable to send message (not connected to server process).
[Package Manager] Cannot connect to Unity Package Manager local server
- Finished resetting the current domain, in  1.540 seconds
Domain Reload Profiling: 2851ms
	BeginReloadAssembly (390ms)
		ExecutionOrderSort (0ms)
		DisableScriptedObjects (21ms)
		BackupInstance (0ms)
		ReleaseScriptingObjects (0ms)
		CreateAndSetChildDomain (74ms)
	RebuildCommonClasses (73ms)
	RebuildNativeTypeToScriptingClass (31ms)
	initialDomainReloadingComplete (75ms)
	LoadAllAssembliesAndSetupDomain (741ms)
		LoadAssemblies (661ms)
		RebuildTransferFunctionScriptingTraits (0ms)
		AnalyzeDomain (318ms)
			TypeCache.Refresh (7ms)
				TypeCache.ScanAssembly (0ms)
			BuildScriptInfoCaches (292ms)
			ResolveRequiredComponents (14ms)
	FinalizeReload (1540ms)
		ReleaseScriptCaches (0ms)
		RebuildScriptCaches (0ms)
		SetupLoadedEditorAssemblies (1135ms)
			LogAssemblyErrors (0ms)
			InitializePlatformSupportModulesInManaged (41ms)
			SetLoadedEditorAssemblies (5ms)
			BeforeProcessingInitializeOnLoad (115ms)
			ProcessInitializeOnLoadAttributes (576ms)
			ProcessInitializeOnLoadMethodAttributes (388ms)
			AfterProcessingInitializeOnLoad (9ms)
			EditorAssembliesLoaded (0ms)
		ExecutionOrderSort2 (0ms)
		AwakeInstancesAfterBackupRestoration (15ms)
Refreshing native plugins compatible for Editor in 12.95 ms, found 4 plugins.
Preloading 0 native plugins for Editor in 0.00 ms.
Unloading 0 Unused Serialized files (Serialized files now loaded: 0)
Unloading 4996 unused Assets / (1.0 MB). Loaded Objects now: 5576.
Memory consumption went from 115.9 MB to 114.9 MB.
Total: 12.847700 ms (FindLiveObjects: 1.008400 ms CreateObjectMapping: 0.561500 ms MarkObjects: 8.451000 ms  DeleteObjects: 2.824900 ms)

Prepare: number of updated asset objects reloaded= 0
AssetImportParameters requested are different than current active one (requested -> active):
0x00007ffe132a5e6d (Unity) StackWalker::ShowCallstack
0x00007ffe132b5dc9 (Unity) PlatformStacktrace::GetStacktrace
0x00007ffe1451823e (Unity) Stacktrace::GetStacktrace
0x00007ffe14abf7ff (Unity) DebugStringToFile
0x00007ffe14715f06 (Unity) VerifyAssetImportParametersConsistency
0x00007ffe146e6215 (Unity) <lambda_94302c41bc55323db1fed16712a08587>::operator()
0x00007ffe147c9c0e (Unity) asio::detail::completion_handler<core::mutable_function<void __cdecl(void)>,asio::io_context::basic_executor_type<std::allocator<void>,0> >::do_complete
0x00007ffe147b749a (Unity) asio::detail::win_iocp_io_context::do_one
0x00007ffe147b8804 (Unity) asio::detail::win_iocp_io_context::run
0x00007ffe147c822c (Unity) IOService::Run
0x00007ffe14710216 (Unity) RunAssetImportWorkerClientV2
0x00007ffe147102db (Unity) RunAssetImporterV2
0x00007ffe13f1500a (Unity) Application::InitializeProject
0x00007ffe14522615 (Unity) UnityMain
0x00007ff603072fba (Unity) __scrt_common_main_seh
0x00007ffec5d8257d (KERNEL32) BaseThreadInitThunk
0x00007ffec786af28 (ntdll) RtlUserThreadStart

  buildTarget: platform 13, subtarget 0, extendedPlatform 0 -> platform 19, subtarget 2, extendedPlatform 0
0x00007ffe132a5e6d (Unity) StackWalker::ShowCallstack
0x00007ffe132b5dc9 (Unity) PlatformStacktrace::GetStacktrace
0x00007ffe1451823e (Unity) Stacktrace::GetStacktrace
0x00007ffe14abf7ff (Unity) DebugStringToFile
0x00007ffe14715fe2 (Unity) VerifyAssetImportParametersConsistency
0x00007ffe146e6215 (Unity) <lambda_94302c41bc55323db1fed16712a08587>::operator()
0x00007ffe147c9c0e (Unity) asio::detail::completion_handler<core::mutable_function<void __cdecl(void)>,asio::io_context::basic_executor_type<std::allocator<void>,0> >::do_complete
0x00007ffe147b749a (Unity) asio::detail::win_iocp_io_context::do_one
0x00007ffe147b8804 (Unity) asio::detail::win_iocp_io_context::run
0x00007ffe147c822c (Unity) IOService::Run
0x00007ffe14710216 (Unity) RunAssetImportWorkerClientV2
0x00007ffe147102db (Unity) RunAssetImporterV2
0x00007ffe13f1500a (Unity) Application::InitializeProject
0x00007ffe14522615 (Unity) UnityMain
0x00007ff603072fba (Unity) __scrt_common_main_seh
0x00007ffec5d8257d (KERNEL32) BaseThreadInitThunk
0x00007ffec786af28 (ntdll) RtlUserThreadStart

  graphicsApiMask: 2099200 -> 4
0x00007ffe132a5e6d (Unity) StackWalker::ShowCallstack
0x00007ffe132b5dc9 (Unity) PlatformStacktrace::GetStacktrace
0x00007ffe1451823e (Unity) Stacktrace::GetStacktrace
0x00007ffe14abf7ff (Unity) DebugStringToFile
0x00007ffe14715fe2 (Unity) VerifyAssetImportParametersConsistency
0x00007ffe146e6215 (Unity) <lambda_94302c41bc55323db1fed16712a08587>::operator()
0x00007ffe147c9c0e (Unity) asio::detail::completion_handler<core::mutable_function<void __cdecl(void)>,asio::io_context::basic_executor_type<std::allocator<void>,0> >::do_complete
0x00007ffe147b749a (Unity) asio::detail::win_iocp_io_context::do_one
0x00007ffe147b8804 (Unity) asio::detail::win_iocp_io_context::run
0x00007ffe147c822c (Unity) IOService::Run
0x00007ffe14710216 (Unity) RunAssetImportWorkerClientV2
0x00007ffe147102db (Unity) RunAssetImporterV2
0x00007ffe13f1500a (Unity) Application::InitializeProject
0x00007ffe14522615 (Unity) UnityMain
0x00007ff603072fba (Unity) __scrt_common_main_seh
0x00007ffec5d8257d (KERNEL32) BaseThreadInitThunk
0x00007ffec786af28 (ntdll) RtlUserThreadStart

